2025-09-02 19:49:45.705 [error] Error while computing completions for file:///home/k/odin-recipes/index.html: Range#create called with invalid arguments[[object Object], [object Object], undefined, undefined]
Error: Range#create called with invalid arguments[[object Object], [object Object], undefined, undefined]
    at e.create (/usr/lib/code/extensions/html-language-features/server/dist/node/769.htmlServerMain.js:1:1492174)
    at /usr/lib/code/extensions/html-language-features/server/dist/node/769.htmlServerMain.js:1:1062064
    at Y (/usr/lib/code/extensions/html-language-features/server/dist/node/769.htmlServerMain.js:1:1062076)
    at V.computeCompletions (/usr/lib/code/extensions/html-language-features/server/dist/node/769.htmlServerMain.js:1:1061414)
    at Z.doComplete2 (/usr/lib/code/extensions/html-language-features/server/dist/node/769.htmlServerMain.js:1:1062977)
    at doComplete (/usr/lib/code/extensions/html-language-features/server/dist/node/421.htmlServerMain.js:1:1938)
    at /usr/lib/code/extensions/html-language-features/server/dist/node/421.htmlServerMain.js:1:34531
2025-09-02 19:49:49.124 [error] Error while computing completions for file:///home/k/odin-recipes/index.html: Range#create called with invalid arguments[[object Object], [object Object], undefined, undefined]
Error: Range#create called with invalid arguments[[object Object], [object Object], undefined, undefined]
    at e.create (/usr/lib/code/extensions/html-language-features/server/dist/node/769.htmlServerMain.js:1:1492174)
    at /usr/lib/code/extensions/html-language-features/server/dist/node/769.htmlServerMain.js:1:1062064
    at Y (/usr/lib/code/extensions/html-language-features/server/dist/node/769.htmlServerMain.js:1:1062076)
    at V.computeCompletions (/usr/lib/code/extensions/html-language-features/server/dist/node/769.htmlServerMain.js:1:1061414)
    at Z.doComplete2 (/usr/lib/code/extensions/html-language-features/server/dist/node/769.htmlServerMain.js:1:1062977)
    at doComplete (/usr/lib/code/extensions/html-language-features/server/dist/node/421.htmlServerMain.js:1:1938)
    at /usr/lib/code/extensions/html-language-features/server/dist/node/421.htmlServerMain.js:1:34531
2025-09-02 19:49:49.430 [error] Error while computing completions for file:///home/k/odin-recipes/index.html: Range#create called with invalid arguments[[object Object], [object Object], undefined, undefined]
Error: Range#create called with invalid arguments[[object Object], [object Object], undefined, undefined]
    at e.create (/usr/lib/code/extensions/html-language-features/server/dist/node/769.htmlServerMain.js:1:1492174)
    at Y (/usr/lib/code/extensions/html-language-features/server/dist/node/769.htmlServerMain.js:1:1062187)
    at V.computeCompletions (/usr/lib/code/extensions/html-language-features/server/dist/node/769.htmlServerMain.js:1:1061414)
    at Z.doComplete2 (/usr/lib/code/extensions/html-language-features/server/dist/node/769.htmlServerMain.js:1:1062977)
    at doComplete (/usr/lib/code/extensions/html-language-features/server/dist/node/421.htmlServerMain.js:1:1938)
    at /usr/lib/code/extensions/html-language-features/server/dist/node/421.htmlServerMain.js:1:34531
2025-09-02 19:49:52.840 [error] Error while computing completions for file:///home/k/odin-recipes/index.html: Range#create called with invalid arguments[[object Object], [object Object], undefined, undefined]
Error: Range#create called with invalid arguments[[object Object], [object Object], undefined, undefined]
    at e.create (/usr/lib/code/extensions/html-language-features/server/dist/node/769.htmlServerMain.js:1:1492174)
    at Y (/usr/lib/code/extensions/html-language-features/server/dist/node/769.htmlServerMain.js:1:1062187)
    at V.computeCompletions (/usr/lib/code/extensions/html-language-features/server/dist/node/769.htmlServerMain.js:1:1061414)
    at Z.doComplete2 (/usr/lib/code/extensions/html-language-features/server/dist/node/769.htmlServerMain.js:1:1062977)
    at doComplete (/usr/lib/code/extensions/html-language-features/server/dist/node/421.htmlServerMain.js:1:1938)
    at /usr/lib/code/extensions/html-language-features/server/dist/node/421.htmlServerMain.js:1:34531
2025-09-02 19:49:53.993 [error] Error while computing completions for file:///home/k/odin-recipes/index.html: Range#create called with invalid arguments[[object Object], [object Object], undefined, undefined]
Error: Range#create called with invalid arguments[[object Object], [object Object], undefined, undefined]
    at e.create (/usr/lib/code/extensions/html-language-features/server/dist/node/769.htmlServerMain.js:1:1492174)
    at Y (/usr/lib/code/extensions/html-language-features/server/dist/node/769.htmlServerMain.js:1:1062187)
    at V.computeCompletions (/usr/lib/code/extensions/html-language-features/server/dist/node/769.htmlServerMain.js:1:1061414)
    at Z.doComplete2 (/usr/lib/code/extensions/html-language-features/server/dist/node/769.htmlServerMain.js:1:1062977)
    at doComplete (/usr/lib/code/extensions/html-language-features/server/dist/node/421.htmlServerMain.js:1:1938)
    at /usr/lib/code/extensions/html-language-features/server/dist/node/421.htmlServerMain.js:1:34531
2025-09-02 19:56:45.624 [error] Error while computing completions for file:///home/k/odin-recipes/index.html: Range#create called with invalid arguments[[object Object], [object Object], undefined, undefined]
Error: Range#create called with invalid arguments[[object Object], [object Object], undefined, undefined]
    at e.create (/usr/lib/code/extensions/html-language-features/server/dist/node/769.htmlServerMain.js:1:1492174)
    at /usr/lib/code/extensions/html-language-features/server/dist/node/769.htmlServerMain.js:1:1062064
    at Y (/usr/lib/code/extensions/html-language-features/server/dist/node/769.htmlServerMain.js:1:1062076)
    at V.computeCompletions (/usr/lib/code/extensions/html-language-features/server/dist/node/769.htmlServerMain.js:1:1061414)
    at Z.doComplete2 (/usr/lib/code/extensions/html-language-features/server/dist/node/769.htmlServerMain.js:1:1062977)
    at doComplete (/usr/lib/code/extensions/html-language-features/server/dist/node/421.htmlServerMain.js:1:1938)
    at /usr/lib/code/extensions/html-language-features/server/dist/node/421.htmlServerMain.js:1:34531
2025-09-02 19:56:51.704 [error] Error while computing completions for file:///home/k/odin-recipes/index.html: Range#create called with invalid arguments[[object Object], [object Object], undefined, undefined]
Error: Range#create called with invalid arguments[[object Object], [object Object], undefined, undefined]
    at e.create (/usr/lib/code/extensions/html-language-features/server/dist/node/769.htmlServerMain.js:1:1492174)
    at /usr/lib/code/extensions/html-language-features/server/dist/node/769.htmlServerMain.js:1:1062064
    at Y (/usr/lib/code/extensions/html-language-features/server/dist/node/769.htmlServerMain.js:1:1062076)
    at V.computeCompletions (/usr/lib/code/extensions/html-language-features/server/dist/node/769.htmlServerMain.js:1:1061414)
    at Z.doComplete2 (/usr/lib/code/extensions/html-language-features/server/dist/node/769.htmlServerMain.js:1:1062977)
    at doComplete (/usr/lib/code/extensions/html-language-features/server/dist/node/421.htmlServerMain.js:1:1938)
    at /usr/lib/code/extensions/html-language-features/server/dist/node/421.htmlServerMain.js:1:34531
2025-09-02 19:56:51.928 [error] Error while computing completions for file:///home/k/odin-recipes/index.html: Range#create called with invalid arguments[[object Object], [object Object], undefined, undefined]
Error: Range#create called with invalid arguments[[object Object], [object Object], undefined, undefined]
    at e.create (/usr/lib/code/extensions/html-language-features/server/dist/node/769.htmlServerMain.js:1:1492174)
    at /usr/lib/code/extensions/html-language-features/server/dist/node/769.htmlServerMain.js:1:1062064
    at Y (/usr/lib/code/extensions/html-language-features/server/dist/node/769.htmlServerMain.js:1:1062076)
    at V.computeCompletions (/usr/lib/code/extensions/html-language-features/server/dist/node/769.htmlServerMain.js:1:1061414)
    at Z.doComplete2 (/usr/lib/code/extensions/html-language-features/server/dist/node/769.htmlServerMain.js:1:1062977)
    at doComplete (/usr/lib/code/extensions/html-language-features/server/dist/node/421.htmlServerMain.js:1:1938)
    at /usr/lib/code/extensions/html-language-features/server/dist/node/421.htmlServerMain.js:1:34531
2025-09-02 19:56:52.444 [error] Error while computing completions for file:///home/k/odin-recipes/index.html: Range#create called with invalid arguments[[object Object], [object Object], undefined, undefined]
Error: Range#create called with invalid arguments[[object Object], [object Object], undefined, undefined]
    at e.create (/usr/lib/code/extensions/html-language-features/server/dist/node/769.htmlServerMain.js:1:1492174)
    at Y (/usr/lib/code/extensions/html-language-features/server/dist/node/769.htmlServerMain.js:1:1062187)
    at V.computeCompletions (/usr/lib/code/extensions/html-language-features/server/dist/node/769.htmlServerMain.js:1:1061414)
    at Z.doComplete2 (/usr/lib/code/extensions/html-language-features/server/dist/node/769.htmlServerMain.js:1:1062977)
    at doComplete (/usr/lib/code/extensions/html-language-features/server/dist/node/421.htmlServerMain.js:1:1938)
    at /usr/lib/code/extensions/html-language-features/server/dist/node/421.htmlServerMain.js:1:34531
2025-09-02 19:56:55.010 [error] Error while computing completions for file:///home/k/odin-recipes/index.html: Range#create called with invalid arguments[[object Object], [object Object], undefined, undefined]
Error: Range#create called with invalid arguments[[object Object], [object Object], undefined, undefined]
    at e.create (/usr/lib/code/extensions/html-language-features/server/dist/node/769.htmlServerMain.js:1:1492174)
    at Y (/usr/lib/code/extensions/html-language-features/server/dist/node/769.htmlServerMain.js:1:1062187)
    at V.computeCompletions (/usr/lib/code/extensions/html-language-features/server/dist/node/769.htmlServerMain.js:1:1061414)
    at Z.doComplete2 (/usr/lib/code/extensions/html-language-features/server/dist/node/769.htmlServerMain.js:1:1062977)
    at doComplete (/usr/lib/code/extensions/html-language-features/server/dist/node/421.htmlServerMain.js:1:1938)
    at /usr/lib/code/extensions/html-language-features/server/dist/node/421.htmlServerMain.js:1:34531
2025-09-02 19:56:55.297 [error] Error while computing completions for file:///home/k/odin-recipes/index.html: Range#create called with invalid arguments[[object Object], [object Object], undefined, undefined]
Error: Range#create called with invalid arguments[[object Object], [object Object], undefined, undefined]
    at e.create (/usr/lib/code/extensions/html-language-features/server/dist/node/769.htmlServerMain.js:1:1492174)
    at Y (/usr/lib/code/extensions/html-language-features/server/dist/node/769.htmlServerMain.js:1:1062187)
    at V.computeCompletions (/usr/lib/code/extensions/html-language-features/server/dist/node/769.htmlServerMain.js:1:1061414)
    at Z.doComplete2 (/usr/lib/code/extensions/html-language-features/server/dist/node/769.htmlServerMain.js:1:1062977)
    at doComplete (/usr/lib/code/extensions/html-language-features/server/dist/node/421.htmlServerMain.js:1:1938)
    at /usr/lib/code/extensions/html-language-features/server/dist/node/421.htmlServerMain.js:1:34531
2025-09-02 19:56:55.576 [error] Error while computing completions for file:///home/k/odin-recipes/index.html: Range#create called with invalid arguments[[object Object], [object Object], undefined, undefined]
Error: Range#create called with invalid arguments[[object Object], [object Object], undefined, undefined]
    at e.create (/usr/lib/code/extensions/html-language-features/server/dist/node/769.htmlServerMain.js:1:1492174)
    at Y (/usr/lib/code/extensions/html-language-features/server/dist/node/769.htmlServerMain.js:1:1062187)
    at V.computeCompletions (/usr/lib/code/extensions/html-language-features/server/dist/node/769.htmlServerMain.js:1:1061414)
    at Z.doComplete2 (/usr/lib/code/extensions/html-language-features/server/dist/node/769.htmlServerMain.js:1:1062977)
    at doComplete (/usr/lib/code/extensions/html-language-features/server/dist/node/421.htmlServerMain.js:1:1938)
    at /usr/lib/code/extensions/html-language-features/server/dist/node/421.htmlServerMain.js:1:34531
2025-09-02 19:56:55.919 [error] Error while computing completions for file:///home/k/odin-recipes/index.html: Range#create called with invalid arguments[[object Object], [object Object], undefined, undefined]
Error: Range#create called with invalid arguments[[object Object], [object Object], undefined, undefined]
    at e.create (/usr/lib/code/extensions/html-language-features/server/dist/node/769.htmlServerMain.js:1:1492174)
    at Y (/usr/lib/code/extensions/html-language-features/server/dist/node/769.htmlServerMain.js:1:1062187)
    at V.computeCompletions (/usr/lib/code/extensions/html-language-features/server/dist/node/769.htmlServerMain.js:1:1061414)
    at Z.doComplete2 (/usr/lib/code/extensions/html-language-features/server/dist/node/769.htmlServerMain.js:1:1062977)
    at doComplete (/usr/lib/code/extensions/html-language-features/server/dist/node/421.htmlServerMain.js:1:1938)
    at /usr/lib/code/extensions/html-language-features/server/dist/node/421.htmlServerMain.js:1:34531
2025-09-02 19:56:56.025 [error] Error while computing completions for file:///home/k/odin-recipes/index.html: Range#create called with invalid arguments[[object Object], [object Object], undefined, undefined]
Error: Range#create called with invalid arguments[[object Object], [object Object], undefined, undefined]
    at e.create (/usr/lib/code/extensions/html-language-features/server/dist/node/769.htmlServerMain.js:1:1492174)
    at Y (/usr/lib/code/extensions/html-language-features/server/dist/node/769.htmlServerMain.js:1:1062187)
    at V.computeCompletions (/usr/lib/code/extensions/html-language-features/server/dist/node/769.htmlServerMain.js:1:1061414)
    at Z.doComplete2 (/usr/lib/code/extensions/html-language-features/server/dist/node/769.htmlServerMain.js:1:1062977)
    at doComplete (/usr/lib/code/extensions/html-language-features/server/dist/node/421.htmlServerMain.js:1:1938)
    at /usr/lib/code/extensions/html-language-features/server/dist/node/421.htmlServerMain.js:1:34531
2025-09-02 19:56:56.213 [error] Error while computing completions for file:///home/k/odin-recipes/index.html: Range#create called with invalid arguments[[object Object], [object Object], undefined, undefined]
Error: Range#create called with invalid arguments[[object Object], [object Object], undefined, undefined]
    at e.create (/usr/lib/code/extensions/html-language-features/server/dist/node/769.htmlServerMain.js:1:1492174)
    at Y (/usr/lib/code/extensions/html-language-features/server/dist/node/769.htmlServerMain.js:1:1062187)
    at V.computeCompletions (/usr/lib/code/extensions/html-language-features/server/dist/node/769.htmlServerMain.js:1:1061414)
    at Z.doComplete2 (/usr/lib/code/extensions/html-language-features/server/dist/node/769.htmlServerMain.js:1:1062977)
    at doComplete (/usr/lib/code/extensions/html-language-features/server/dist/node/421.htmlServerMain.js:1:1938)
    at /usr/lib/code/extensions/html-language-features/server/dist/node/421.htmlServerMain.js:1:34531
2025-09-02 19:56:57.925 [error] Error while computing completions for file:///home/k/odin-recipes/index.html: Range#create called with invalid arguments[[object Object], [object Object], undefined, undefined]
Error: Range#create called with invalid arguments[[object Object], [object Object], undefined, undefined]
    at e.create (/usr/lib/code/extensions/html-language-features/server/dist/node/769.htmlServerMain.js:1:1492174)
    at Y (/usr/lib/code/extensions/html-language-features/server/dist/node/769.htmlServerMain.js:1:1062187)
    at V.computeCompletions (/usr/lib/code/extensions/html-language-features/server/dist/node/769.htmlServerMain.js:1:1061414)
    at Z.doComplete2 (/usr/lib/code/extensions/html-language-features/server/dist/node/769.htmlServerMain.js:1:1062977)
    at doComplete (/usr/lib/code/extensions/html-language-features/server/dist/node/421.htmlServerMain.js:1:1938)
    at /usr/lib/code/extensions/html-language-features/server/dist/node/421.htmlServerMain.js:1:34531
2025-09-02 19:56:58.669 [error] Error while computing completions for file:///home/k/odin-recipes/index.html: Range#create called with invalid arguments[[object Object], [object Object], undefined, undefined]
Error: Range#create called with invalid arguments[[object Object], [object Object], undefined, undefined]
    at e.create (/usr/lib/code/extensions/html-language-features/server/dist/node/769.htmlServerMain.js:1:1492174)
    at Y (/usr/lib/code/extensions/html-language-features/server/dist/node/769.htmlServerMain.js:1:1062187)
    at V.computeCompletions (/usr/lib/code/extensions/html-language-features/server/dist/node/769.htmlServerMain.js:1:1061414)
    at Z.doComplete2 (/usr/lib/code/extensions/html-language-features/server/dist/node/769.htmlServerMain.js:1:1062977)
    at doComplete (/usr/lib/code/extensions/html-language-features/server/dist/node/421.htmlServerMain.js:1:1938)
    at /usr/lib/code/extensions/html-language-features/server/dist/node/421.htmlServerMain.js:1:34531
