2025-09-02 19:22:09.994 [info] Extension host with pid 1492486 started
2025-09-02 19:22:10.015 [info] ExtensionService#_doActivateExtension vscode.emmet, startup: false, activationEvent: 'onLanguage'
2025-09-02 19:22:10.031 [info] ExtensionService#_doActivateExtension vscode.git-base, startup: false, activationEvent: 'onLanguage:git-commit'
2025-09-02 19:22:10.066 [info] ExtensionService#_doActivateExtension vscode.git, startup: true, activationEvent: '*'
2025-09-02 19:22:10.096 [info] ExtensionService#_doActivateExtension vscode.github, startup: true, activationEvent: '*'
2025-09-02 19:22:10.096 [info] ExtensionService#_doActivateExtension christian-kohler.path-intellisense, startup: true, activationEvent: '*'
2025-09-02 19:22:10.101 [info] ExtensionService#_doActivateExtension oderwat.indent-rainbow, startup: true, activationEvent: '*'
2025-09-02 19:22:10.102 [info] ExtensionService#_doActivateExtension tombonnike.vscode-status-bar-format-toggle, startup: true, activationEvent: '*'
2025-09-02 19:22:10.159 [info] Eager extensions activated
2025-09-02 19:22:10.170 [info] ExtensionService#_doActivateExtension vscode.debug-auto-launch, startup: false, activationEvent: 'onStartupFinished'
2025-09-02 19:22:10.171 [info] ExtensionService#_doActivateExtension vscode.merge-conflict, startup: false, activationEvent: 'onStartupFinished'
2025-09-02 19:22:10.183 [info] ExtensionService#_doActivateExtension aaron-bond.better-comments, startup: false, activationEvent: 'onStartupFinished'
2025-09-02 19:22:10.186 [info] ExtensionService#_doActivateExtension alefragnani.Bookmarks, startup: false, activationEvent: 'onStartupFinished'
2025-09-02 19:22:10.194 [info] ExtensionService#_doActivateExtension bierner.emojisense, startup: false, activationEvent: 'onStartupFinished'
2025-09-02 19:22:10.200 [info] ExtensionService#_doActivateExtension dbaeumer.vscode-eslint, startup: false, activationEvent: 'onStartupFinished'
2025-09-02 19:22:10.227 [info] ExtensionService#_doActivateExtension esbenp.prettier-vscode, startup: false, activationEvent: 'onStartupFinished'
2025-09-02 19:22:10.276 [info] ExtensionService#_doActivateExtension Gruntfuggly.todo-tree, startup: false, activationEvent: 'onStartupFinished'
2025-09-02 19:22:10.294 [info] ExtensionService#_doActivateExtension usernamehw.errorlens, startup: false, activationEvent: 'onStartupFinished'
2025-09-02 19:22:17.957 [info] Extension host terminating: renderer closed the MessagePort
2025-09-02 19:22:17.961 [error] An error occurred when disposing the subscriptions for extension 'Gruntfuggly.todo-tree':
2025-09-02 19:22:17.961 [error] AggregateError: Encountered errors while disposing of store
	at Bi (file:///usr/lib/code/out/vs/workbench/api/node/extensionHostProcess.js:25:822)
	at file:///usr/lib/code/out/vs/workbench/api/node/extensionHostProcess.js:116:15158
	at file:///usr/lib/code/out/vs/workbench/api/node/extensionHostProcess.js:25:1056
	at Object.dispose (file:///usr/lib/code/out/vs/workbench/api/node/extensionHostProcess.js:8:705)
	at LZ.eb (file:///usr/lib/code/out/vs/workbench/api/node/extensionHostProcess.js:116:12031)
	at file:///usr/lib/code/out/vs/workbench/api/node/extensionHostProcess.js:116:9986
	at Array.map (<anonymous>)
	at LZ.$ (file:///usr/lib/code/out/vs/workbench/api/node/extensionHostProcess.js:116:9974)
	at LZ.terminate (file:///usr/lib/code/out/vs/workbench/api/node/extensionHostProcess.js:116:10217)
	at E3.terminate (file:///usr/lib/code/out/vs/workbench/api/node/extensionHostProcess.js:118:914)
	at ws (file:///usr/lib/code/out/vs/workbench/api/node/extensionHostProcess.js:388:10154)
	at MessagePortMain.<anonymous> (file:///usr/lib/code/out/vs/workbench/api/node/extensionHostProcess.js:388:6693)
	at MessagePortMain.emit (node:events:518:28)
	at MessagePortMain._internalPort.emit (node:electron/js2c/utility_init:2:2949)
2025-09-02 19:22:17.962 [info] Extension host with pid 1492486 exiting with code 0
