2025-09-02 19:40:58.615 [info] [main] Log level: Info
2025-09-02 19:40:58.615 [info] [main] Validating found git in: "git"
2025-09-02 19:40:58.615 [info] [main] Using git "2.51.0" from "git"
2025-09-02 19:40:58.615 [info] [Model][doInitialScan] Initial repository scan started
2025-09-02 19:40:58.615 [info] > git rev-parse --show-toplevel [4ms]
2025-09-02 19:40:58.615 [info] > git rev-parse --git-dir --git-common-dir --show-superproject-working-tree [2ms]
2025-09-02 19:40:58.615 [info] [Model][openRepository] Opened repository (path): /home/k/odin-recipes
2025-09-02 19:40:58.615 [info] [Model][openRepository] Opened repository (real path): /home/k/odin-recipes
2025-09-02 19:40:58.615 [info] [Model][openRepository] Opened repository (kind): repository
2025-09-02 19:40:58.615 [info] [Model][doInitialScan] Initial repository scan completed - repositories (1), closed repositories (0), parent repositories (0), unsafe repositories (0)
2025-09-02 19:40:58.615 [info] > git config --get commit.template [2ms]
2025-09-02 19:40:58.615 [info] > git for-each-ref --format=%(refname)%00%(upstream:short)%00%(objectname)%00%(upstream:track)%00%(upstream:remotename)%00%(upstream:remoteref) refs/heads/main refs/remotes/main [12ms]
2025-09-02 19:40:58.623 [info] > git status -z -uall [5ms]
2025-09-02 19:40:58.751 [info] > git for-each-ref --sort -committerdate --format %(refname)%00%(objectname)%00%(*objectname) [128ms]
2025-09-02 19:40:58.804 [info] > git for-each-ref --format=%(refname)%00%(upstream:short)%00%(objectname)%00%(upstream:track)%00%(upstream:remotename)%00%(upstream:remoteref) refs/heads/main refs/remotes/main [41ms]
2025-09-02 19:40:58.812 [info] > git config --get --local branch.main.vscode-merge-base [5ms]
2025-09-02 19:40:58.812 [warning] [Git][config] git config failed: Failed to execute git
2025-09-02 19:40:58.816 [info] > git config --get commit.template [13ms]
2025-09-02 19:40:58.820 [info] > git reflog main --grep-reflog=branch: Created from *. [4ms]
2025-09-02 19:40:58.834 [info] > git for-each-ref --format=%(refname)%00%(upstream:short)%00%(objectname)%00%(upstream:track)%00%(upstream:remotename)%00%(upstream:remoteref) refs/heads/main refs/remotes/main [8ms]
2025-09-02 19:40:58.834 [info] > git symbolic-ref --short refs/remotes/origin/HEAD [11ms]
2025-09-02 19:40:58.845 [info] > git status -z -uall [4ms]
2025-09-02 19:40:58.845 [info] > git for-each-ref --format=%(refname)%00%(upstream:short)%00%(objectname)%00%(upstream:track)%00%(upstream:remotename)%00%(upstream:remoteref) refs/heads/origin/main refs/remotes/origin/main [7ms]
2025-09-02 19:40:58.849 [info] > git for-each-ref --sort -committerdate --format %(refname)%00%(objectname)%00%(*objectname) [5ms]
2025-09-02 19:40:58.850 [info] > git config --add --local branch.main.vscode-merge-base origin/main [2ms]
2025-09-02 19:40:58.873 [info] > git config --get commit.template [19ms]
2025-09-02 19:40:58.875 [info] > git for-each-ref --format=%(refname)%00%(upstream:short)%00%(objectname)%00%(upstream:track)%00%(upstream:remotename)%00%(upstream:remoteref) refs/heads/main refs/remotes/main [2ms]
2025-09-02 19:40:58.883 [info] > git status -z -uall [4ms]
2025-09-02 19:40:58.884 [info] > git for-each-ref --sort -committerdate --format %(refname)%00%(objectname)%00%(*objectname) [2ms]
2025-09-02 19:40:58.891 [info] > git merge-base refs/heads/main refs/remotes/origin/main [3ms]
2025-09-02 19:40:58.895 [info] > git merge-base refs/heads/main refs/remotes/origin/main [4ms]
2025-09-02 19:40:58.899 [info] > git diff --name-status -z --diff-filter=ADMR ee5f5add7e210d0e1a31d8f7f5358626015ff3ba...refs/remotes/origin/main [4ms]
2025-09-02 19:40:58.900 [info] > git diff --name-status -z --diff-filter=ADMR ee5f5add7e210d0e1a31d8f7f5358626015ff3ba...refs/remotes/origin/main [2ms]
2025-09-02 19:40:59.095 [info] > git check-ignore -v -z --stdin [1ms]
2025-09-02 19:40:59.934 [info] > git config --get commit.template [4ms]
2025-09-02 19:40:59.934 [info] > git for-each-ref --format=%(refname)%00%(upstream:short)%00%(objectname)%00%(upstream:track)%00%(upstream:remotename)%00%(upstream:remoteref) refs/heads/main refs/remotes/main [1ms]
2025-09-02 19:40:59.941 [info] > git status -z -uall [4ms]
2025-09-02 19:40:59.941 [info] > git for-each-ref --sort -committerdate --format %(refname)%00%(objectname)%00%(*objectname) [1ms]
2025-09-02 19:41:14.817 [info] > git show --textconv :README.md [6ms]
2025-09-02 19:41:14.818 [info] > git ls-files --stage -- README.md [1ms]
2025-09-02 19:41:14.825 [info] > git cat-file -s 05fba2953bb726fc3ac992e8e85095d898f28dca [2ms]
2025-09-02 19:41:18.012 [info] > git show --textconv :README.md [4ms]
2025-09-02 19:41:18.013 [info] > git ls-files --stage -- README.md [1ms]
2025-09-02 19:41:18.017 [info] > git cat-file -s 05fba2953bb726fc3ac992e8e85095d898f28dca [1ms]
2025-09-02 19:43:40.997 [info] > git config --get commit.template [5ms]
2025-09-02 19:43:40.997 [info] > git for-each-ref --format=%(refname)%00%(upstream:short)%00%(objectname)%00%(upstream:track)%00%(upstream:remotename)%00%(upstream:remoteref) refs/heads/main refs/remotes/main [1ms]
2025-09-02 19:43:41.005 [info] > git status -z -uall [4ms]
2025-09-02 19:43:41.006 [info] > git for-each-ref --sort -committerdate --format %(refname)%00%(objectname)%00%(*objectname) [1ms]
2025-09-02 19:45:38.805 [info] > git check-ignore -v -z --stdin [1ms]
2025-09-02 19:46:12.221 [info] > git config --get commit.template [5ms]
2025-09-02 19:46:12.222 [info] > git for-each-ref --format=%(refname)%00%(upstream:short)%00%(objectname)%00%(upstream:track)%00%(upstream:remotename)%00%(upstream:remoteref) refs/heads/main refs/remotes/main [2ms]
2025-09-02 19:46:12.229 [info] > git status -z -uall [4ms]
2025-09-02 19:46:12.230 [info] > git for-each-ref --sort -committerdate --format %(refname)%00%(objectname)%00%(*objectname) [1ms]
2025-09-02 19:46:13.733 [info] > git check-ignore -v -z --stdin [1ms]
2025-09-02 19:46:17.240 [info] > git config --get commit.template [4ms]
2025-09-02 19:46:17.241 [info] > git for-each-ref --format=%(refname)%00%(upstream:short)%00%(objectname)%00%(upstream:track)%00%(upstream:remotename)%00%(upstream:remoteref) refs/heads/main refs/remotes/main [1ms]
2025-09-02 19:46:17.248 [info] > git status -z -uall [4ms]
2025-09-02 19:46:17.248 [info] > git for-each-ref --sort -committerdate --format %(refname)%00%(objectname)%00%(*objectname) [1ms]
2025-09-02 19:46:21.632 [info] > git show --textconv :README.md [5ms]
2025-09-02 19:46:21.632 [info] > git ls-files --stage -- README.md [1ms]
2025-09-02 19:46:21.636 [info] > git cat-file -s 05fba2953bb726fc3ac992e8e85095d898f28dca [1ms]
2025-09-02 19:46:37.637 [info] > git config --get commit.template [4ms]
2025-09-02 19:46:37.637 [info] > git for-each-ref --format=%(refname)%00%(upstream:short)%00%(objectname)%00%(upstream:track)%00%(upstream:remotename)%00%(upstream:remoteref) refs/heads/main refs/remotes/main [1ms]
2025-09-02 19:46:37.644 [info] > git status -z -uall [3ms]
2025-09-02 19:46:37.645 [info] > git for-each-ref --sort -committerdate --format %(refname)%00%(objectname)%00%(*objectname) [1ms]
2025-09-02 19:46:39.889 [info] > git show --textconv :README.md [5ms]
2025-09-02 19:46:39.889 [info] > git ls-files --stage -- README.md [1ms]
2025-09-02 19:46:39.894 [info] > git cat-file -s 05fba2953bb726fc3ac992e8e85095d898f28dca [1ms]
2025-09-02 19:46:43.801 [info] > git config --get commit.template [4ms]
2025-09-02 19:46:43.802 [info] > git for-each-ref --format=%(refname)%00%(upstream:short)%00%(objectname)%00%(upstream:track)%00%(upstream:remotename)%00%(upstream:remoteref) refs/heads/main refs/remotes/main [1ms]
2025-09-02 19:46:43.809 [info] > git status -z -uall [4ms]
2025-09-02 19:46:43.810 [info] > git for-each-ref --sort -committerdate --format %(refname)%00%(objectname)%00%(*objectname) [1ms]
2025-09-02 19:48:22.817 [info] > git config --get commit.template [4ms]
2025-09-02 19:48:22.817 [info] > git for-each-ref --format=%(refname)%00%(upstream:short)%00%(objectname)%00%(upstream:track)%00%(upstream:remotename)%00%(upstream:remoteref) refs/heads/main refs/remotes/main [1ms]
2025-09-02 19:48:22.825 [info] > git status -z -uall [4ms]
2025-09-02 19:48:22.825 [info] > git for-each-ref --sort -committerdate --format %(refname)%00%(objectname)%00%(*objectname) [1ms]
2025-09-02 19:49:34.190 [info] > git config --get commit.template [4ms]
2025-09-02 19:49:34.190 [info] > git for-each-ref --format=%(refname)%00%(upstream:short)%00%(objectname)%00%(upstream:track)%00%(upstream:remotename)%00%(upstream:remoteref) refs/heads/main refs/remotes/main [1ms]
2025-09-02 19:49:34.198 [info] > git status -z -uall [4ms]
2025-09-02 19:49:34.199 [info] > git for-each-ref --sort -committerdate --format %(refname)%00%(objectname)%00%(*objectname) [1ms]
2025-09-02 19:50:11.050 [info] > git config --get commit.template [4ms]
2025-09-02 19:50:11.050 [info] > git for-each-ref --format=%(refname)%00%(upstream:short)%00%(objectname)%00%(upstream:track)%00%(upstream:remotename)%00%(upstream:remoteref) refs/heads/main refs/remotes/main [1ms]
2025-09-02 19:50:11.057 [info] > git status -z -uall [4ms]
2025-09-02 19:50:11.058 [info] > git for-each-ref --sort -committerdate --format %(refname)%00%(objectname)%00%(*objectname) [1ms]
2025-09-02 19:50:44.913 [info] > git config --get commit.template [4ms]
2025-09-02 19:50:44.914 [info] > git for-each-ref --format=%(refname)%00%(upstream:short)%00%(objectname)%00%(upstream:track)%00%(upstream:remotename)%00%(upstream:remoteref) refs/heads/main refs/remotes/main [1ms]
2025-09-02 19:50:44.921 [info] > git status -z -uall [4ms]
2025-09-02 19:50:44.922 [info] > git for-each-ref --sort -committerdate --format %(refname)%00%(objectname)%00%(*objectname) [1ms]
2025-09-02 19:52:33.375 [info] > git config --get commit.template [3ms]
2025-09-02 19:52:33.376 [info] > git for-each-ref --format=%(refname)%00%(upstream:short)%00%(objectname)%00%(upstream:track)%00%(upstream:remotename)%00%(upstream:remoteref) refs/heads/main refs/remotes/main [1ms]
2025-09-02 19:52:33.383 [info] > git status -z -uall [4ms]
2025-09-02 19:52:33.383 [info] > git for-each-ref --sort -committerdate --format %(refname)%00%(objectname)%00%(*objectname) [1ms]
2025-09-02 19:52:58.662 [info] > git config --get commit.template [4ms]
2025-09-02 19:52:58.662 [info] > git for-each-ref --format=%(refname)%00%(upstream:short)%00%(objectname)%00%(upstream:track)%00%(upstream:remotename)%00%(upstream:remoteref) refs/heads/main refs/remotes/main [1ms]
2025-09-02 19:52:58.669 [info] > git status -z -uall [3ms]
2025-09-02 19:52:58.670 [info] > git for-each-ref --sort -committerdate --format %(refname)%00%(objectname)%00%(*objectname) [1ms]
2025-09-02 19:53:31.563 [info] > git config --get commit.template [4ms]
2025-09-02 19:53:31.564 [info] > git for-each-ref --format=%(refname)%00%(upstream:short)%00%(objectname)%00%(upstream:track)%00%(upstream:remotename)%00%(upstream:remoteref) refs/heads/main refs/remotes/main [1ms]
2025-09-02 19:53:31.570 [info] > git status -z -uall [3ms]
2025-09-02 19:53:31.571 [info] > git for-each-ref --sort -committerdate --format %(refname)%00%(objectname)%00%(*objectname) [1ms]
2025-09-02 19:53:36.745 [info] > git config --get commit.template [4ms]
2025-09-02 19:53:36.746 [info] > git for-each-ref --format=%(refname)%00%(upstream:short)%00%(objectname)%00%(upstream:track)%00%(upstream:remotename)%00%(upstream:remoteref) refs/heads/main refs/remotes/main [1ms]
2025-09-02 19:53:36.753 [info] > git status -z -uall [4ms]
2025-09-02 19:53:36.754 [info] > git for-each-ref --sort -committerdate --format %(refname)%00%(objectname)%00%(*objectname) [2ms]
2025-09-02 19:53:43.051 [info] > git config --get commit.template [4ms]
2025-09-02 19:53:43.051 [info] > git for-each-ref --format=%(refname)%00%(upstream:short)%00%(objectname)%00%(upstream:track)%00%(upstream:remotename)%00%(upstream:remoteref) refs/heads/main refs/remotes/main [1ms]
2025-09-02 19:53:43.059 [info] > git status -z -uall [4ms]
2025-09-02 19:53:43.059 [info] > git for-each-ref --sort -committerdate --format %(refname)%00%(objectname)%00%(*objectname) [1ms]
2025-09-02 19:54:29.311 [info] > git config --get commit.template [4ms]
2025-09-02 19:54:29.311 [info] > git for-each-ref --format=%(refname)%00%(upstream:short)%00%(objectname)%00%(upstream:track)%00%(upstream:remotename)%00%(upstream:remoteref) refs/heads/main refs/remotes/main [1ms]
2025-09-02 19:54:29.318 [info] > git status -z -uall [3ms]
2025-09-02 19:54:29.319 [info] > git for-each-ref --sort -committerdate --format %(refname)%00%(objectname)%00%(*objectname) [1ms]
2025-09-02 19:55:28.294 [info] > git config --get commit.template [4ms]
2025-09-02 19:55:28.295 [info] > git for-each-ref --format=%(refname)%00%(upstream:short)%00%(objectname)%00%(upstream:track)%00%(upstream:remotename)%00%(upstream:remoteref) refs/heads/main refs/remotes/main [1ms]
2025-09-02 19:55:28.302 [info] > git status -z -uall [4ms]
2025-09-02 19:55:28.303 [info] > git for-each-ref --sort -committerdate --format %(refname)%00%(objectname)%00%(*objectname) [1ms]
2025-09-02 19:55:50.638 [info] > git config --get commit.template [4ms]
2025-09-02 19:55:50.639 [info] > git for-each-ref --format=%(refname)%00%(upstream:short)%00%(objectname)%00%(upstream:track)%00%(upstream:remotename)%00%(upstream:remoteref) refs/heads/main refs/remotes/main [1ms]
2025-09-02 19:55:50.646 [info] > git status -z -uall [3ms]
2025-09-02 19:55:50.647 [info] > git for-each-ref --sort -committerdate --format %(refname)%00%(objectname)%00%(*objectname) [1ms]
2025-09-02 19:56:34.541 [info] > git config --get commit.template [5ms]
2025-09-02 19:56:34.542 [info] > git for-each-ref --format=%(refname)%00%(upstream:short)%00%(objectname)%00%(upstream:track)%00%(upstream:remotename)%00%(upstream:remoteref) refs/heads/main refs/remotes/main [1ms]
2025-09-02 19:56:34.549 [info] > git status -z -uall [3ms]
2025-09-02 19:56:34.550 [info] > git for-each-ref --sort -committerdate --format %(refname)%00%(objectname)%00%(*objectname) [1ms]
2025-09-02 19:57:39.688 [info] > git config --get commit.template [4ms]
2025-09-02 19:57:39.689 [info] > git for-each-ref --format=%(refname)%00%(upstream:short)%00%(objectname)%00%(upstream:track)%00%(upstream:remotename)%00%(upstream:remoteref) refs/heads/main refs/remotes/main [2ms]
2025-09-02 19:57:39.696 [info] > git status -z -uall [4ms]
2025-09-02 19:57:39.697 [info] > git for-each-ref --sort -committerdate --format %(refname)%00%(objectname)%00%(*objectname) [1ms]
2025-09-02 19:57:45.583 [info] > git config --get commit.template [5ms]
2025-09-02 19:57:45.584 [info] > git for-each-ref --format=%(refname)%00%(upstream:short)%00%(objectname)%00%(upstream:track)%00%(upstream:remotename)%00%(upstream:remoteref) refs/heads/main refs/remotes/main [1ms]
2025-09-02 19:57:45.591 [info] > git status -z -uall [4ms]
2025-09-02 19:57:45.592 [info] > git for-each-ref --sort -committerdate --format %(refname)%00%(objectname)%00%(*objectname) [1ms]
2025-09-02 19:58:02.257 [info] > git config --get commit.template [5ms]
2025-09-02 19:58:02.257 [info] > git for-each-ref --format=%(refname)%00%(upstream:short)%00%(objectname)%00%(upstream:track)%00%(upstream:remotename)%00%(upstream:remoteref) refs/heads/main refs/remotes/main [1ms]
2025-09-02 19:58:02.265 [info] > git status -z -uall [4ms]
2025-09-02 19:58:02.266 [info] > git for-each-ref --sort -committerdate --format %(refname)%00%(objectname)%00%(*objectname) [1ms]
2025-09-02 19:58:09.384 [info] > git config --get commit.template [4ms]
2025-09-02 19:58:09.385 [info] > git for-each-ref --format=%(refname)%00%(upstream:short)%00%(objectname)%00%(upstream:track)%00%(upstream:remotename)%00%(upstream:remoteref) refs/heads/main refs/remotes/main [2ms]
2025-09-02 19:58:09.392 [info] > git status -z -uall [4ms]
2025-09-02 19:58:09.393 [info] > git for-each-ref --sort -committerdate --format %(refname)%00%(objectname)%00%(*objectname) [1ms]
2025-09-02 19:58:16.106 [info] > git show --textconv :README.md [5ms]
2025-09-02 19:58:16.107 [info] > git ls-files --stage -- README.md [2ms]
2025-09-02 19:58:16.112 [info] > git cat-file -s 05fba2953bb726fc3ac992e8e85095d898f28dca [1ms]
2025-09-02 19:58:54.995 [info] > git show --textconv :.git/COMMIT_EDITMSG [4ms]
2025-09-02 19:58:54.999 [info] > git ls-files --stage -- .git/COMMIT_EDITMSG [4ms]
2025-09-02 19:58:55.003 [info] > git hash-object -t tree /dev/null [4ms]
2025-09-02 19:58:55.003 [warning] [GitFileSystemProvider][readFile] File not found - git:/home/k/odin-recipes/.git/COMMIT_EDITMSG.git?%7B%22path%22%3A%22%2Fhome%2Fk%2Fodin-recipes%2F.git%2FCOMMIT_EDITMSG%22%2C%22ref%22%3A%22%22%7D
2025-09-02 19:58:55.004 [info] > git hash-object -t tree /dev/null [2ms]
2025-09-02 19:58:55.004 [warning] [GitFileSystemProvider][stat] File not found - git:/home/k/odin-recipes/.git/COMMIT_EDITMSG.git?%7B%22path%22%3A%22%2Fhome%2Fk%2Fodin-recipes%2F.git%2FCOMMIT_EDITMSG%22%2C%22ref%22%3A%22%22%7D
2025-09-02 19:58:55.285 [info] > git check-ignore -v -z --stdin [1ms]
2025-09-02 19:58:55.597 [info] > git config --get commit.template [5ms]
2025-09-02 19:58:55.598 [info] > git for-each-ref --format=%(refname)%00%(upstream:short)%00%(objectname)%00%(upstream:track)%00%(upstream:remotename)%00%(upstream:remoteref) refs/heads/main refs/remotes/main [1ms]
2025-09-02 19:58:55.606 [info] > git status -z -uall [4ms]
2025-09-02 19:58:55.607 [info] > git for-each-ref --sort -committerdate --format %(refname)%00%(objectname)%00%(*objectname) [1ms]
2025-09-02 19:58:56.001 [info] > git blame --root --incremental ee5f5add7e210d0e1a31d8f7f5358626015ff3ba -- .git/COMMIT_EDITMSG [1ms]
2025-09-02 19:58:56.001 [info] fatal: no such path .git/COMMIT_EDITMSG in ee5f5add7e210d0e1a31d8f7f5358626015ff3ba
2025-09-02 19:59:00.616 [info] > git config --get commit.template [3ms]
2025-09-02 19:59:00.617 [info] > git for-each-ref --format=%(refname)%00%(upstream:short)%00%(objectname)%00%(upstream:track)%00%(upstream:remotename)%00%(upstream:remoteref) refs/heads/main refs/remotes/main [1ms]
2025-09-02 19:59:00.624 [info] > git status -z -uall [3ms]
2025-09-02 19:59:00.625 [info] > git for-each-ref --sort -committerdate --format %(refname)%00%(objectname)%00%(*objectname) [1ms]
2025-09-02 19:59:45.457 [info] > git config --get commit.template [4ms]
2025-09-02 19:59:45.457 [info] > git for-each-ref --format=%(refname)%00%(upstream:short)%00%(objectname)%00%(upstream:track)%00%(upstream:remotename)%00%(upstream:remoteref) refs/heads/main refs/remotes/main [1ms]
2025-09-02 19:59:45.465 [info] > git status -z -uall [4ms]
2025-09-02 19:59:45.465 [info] > git for-each-ref --sort -committerdate --format %(refname)%00%(objectname)%00%(*objectname) [1ms]
2025-09-02 20:01:27.459 [info] > git config --get commit.template [1ms]
2025-09-02 20:01:27.465 [info] > git for-each-ref --format=%(refname)%00%(upstream:short)%00%(objectname)%00%(upstream:track)%00%(upstream:remotename)%00%(upstream:remoteref) refs/heads/main refs/remotes/main [2ms]
2025-09-02 20:01:27.472 [info] > git status -z -uall [4ms]
2025-09-02 20:01:27.472 [info] > git for-each-ref --sort -committerdate --format %(refname)%00%(objectname)%00%(*objectname) [1ms]
2025-09-02 20:01:27.479 [info] > git merge-base refs/heads/main refs/remotes/origin/main [1ms]
2025-09-02 20:01:27.485 [info] > git diff --name-status -z --diff-filter=ADMR ce77199b42c2b20c5bdd2a1dc47e635145badc26...refs/remotes/origin/main [2ms]
2025-09-02 20:01:28.519 [info] > git show --textconv :recipes/ragu.html [4ms]
2025-09-02 20:01:28.520 [info] > git ls-files --stage -- recipes/ragu.html [1ms]
2025-09-02 20:01:28.524 [info] > git cat-file -s 48de9d2e899d4a6df87c2d5729b7d93737db3b09 [1ms]
2025-09-02 20:01:28.534 [info] > git blame --root --incremental ce77199b42c2b20c5bdd2a1dc47e635145badc26 -- recipes/ragu.html [1ms]
2025-09-02 20:02:14.547 [info] > git config --get commit.template [4ms]
2025-09-02 20:02:14.548 [info] > git for-each-ref --format=%(refname)%00%(upstream:short)%00%(objectname)%00%(upstream:track)%00%(upstream:remotename)%00%(upstream:remoteref) refs/heads/main refs/remotes/main [1ms]
2025-09-02 20:02:14.555 [info] > git status -z -uall [4ms]
2025-09-02 20:02:14.556 [info] > git for-each-ref --sort -committerdate --format %(refname)%00%(objectname)%00%(*objectname) [1ms]
2025-09-02 20:02:40.693 [info] > git config --get commit.template [4ms]
2025-09-02 20:02:40.693 [info] > git for-each-ref --format=%(refname)%00%(upstream:short)%00%(objectname)%00%(upstream:track)%00%(upstream:remotename)%00%(upstream:remoteref) refs/heads/main refs/remotes/main [1ms]
2025-09-02 20:02:40.701 [info] > git status -z -uall [4ms]
2025-09-02 20:02:40.701 [info] > git for-each-ref --sort -committerdate --format %(refname)%00%(objectname)%00%(*objectname) [1ms]
2025-09-02 20:04:19.934 [info] > git config --get commit.template [4ms]
2025-09-02 20:04:19.935 [info] > git for-each-ref --format=%(refname)%00%(upstream:short)%00%(objectname)%00%(upstream:track)%00%(upstream:remotename)%00%(upstream:remoteref) refs/heads/main refs/remotes/main [1ms]
2025-09-02 20:04:19.942 [info] > git status -z -uall [4ms]
2025-09-02 20:04:19.943 [info] > git for-each-ref --sort -committerdate --format %(refname)%00%(objectname)%00%(*objectname) [1ms]
2025-09-02 20:04:24.976 [info] > git config --get commit.template [4ms]
2025-09-02 20:04:24.976 [info] > git for-each-ref --format=%(refname)%00%(upstream:short)%00%(objectname)%00%(upstream:track)%00%(upstream:remotename)%00%(upstream:remoteref) refs/heads/main refs/remotes/main [1ms]
2025-09-02 20:04:24.984 [info] > git status -z -uall [4ms]
2025-09-02 20:04:24.985 [info] > git for-each-ref --sort -committerdate --format %(refname)%00%(objectname)%00%(*objectname) [1ms]
2025-09-02 20:04:41.830 [info] > git config --get commit.template [4ms]
2025-09-02 20:04:41.831 [info] > git for-each-ref --format=%(refname)%00%(upstream:short)%00%(objectname)%00%(upstream:track)%00%(upstream:remotename)%00%(upstream:remoteref) refs/heads/main refs/remotes/main [1ms]
2025-09-02 20:04:41.837 [info] > git status -z -uall [3ms]
2025-09-02 20:04:41.838 [info] > git for-each-ref --sort -committerdate --format %(refname)%00%(objectname)%00%(*objectname) [1ms]
2025-09-02 20:04:55.635 [info] > git config --get commit.template [4ms]
2025-09-02 20:04:55.636 [info] > git for-each-ref --format=%(refname)%00%(upstream:short)%00%(objectname)%00%(upstream:track)%00%(upstream:remotename)%00%(upstream:remoteref) refs/heads/main refs/remotes/main [1ms]
2025-09-02 20:04:55.643 [info] > git status -z -uall [3ms]
2025-09-02 20:04:55.643 [info] > git for-each-ref --sort -committerdate --format %(refname)%00%(objectname)%00%(*objectname) [1ms]
2025-09-02 20:05:12.288 [info] > git config --get commit.template [4ms]
2025-09-02 20:05:12.288 [info] > git for-each-ref --format=%(refname)%00%(upstream:short)%00%(objectname)%00%(upstream:track)%00%(upstream:remotename)%00%(upstream:remoteref) refs/heads/main refs/remotes/main [1ms]
2025-09-02 20:05:12.296 [info] > git status -z -uall [4ms]
2025-09-02 20:05:12.297 [info] > git for-each-ref --sort -committerdate --format %(refname)%00%(objectname)%00%(*objectname) [2ms]
2025-09-02 20:05:22.617 [info] > git config --get commit.template [4ms]
2025-09-02 20:05:22.618 [info] > git for-each-ref --format=%(refname)%00%(upstream:short)%00%(objectname)%00%(upstream:track)%00%(upstream:remotename)%00%(upstream:remoteref) refs/heads/main refs/remotes/main [1ms]
2025-09-02 20:05:22.625 [info] > git status -z -uall [4ms]
2025-09-02 20:05:22.626 [info] > git for-each-ref --sort -committerdate --format %(refname)%00%(objectname)%00%(*objectname) [1ms]
2025-09-02 20:05:27.636 [info] > git config --get commit.template [4ms]
2025-09-02 20:05:27.636 [info] > git for-each-ref --format=%(refname)%00%(upstream:short)%00%(objectname)%00%(upstream:track)%00%(upstream:remotename)%00%(upstream:remoteref) refs/heads/main refs/remotes/main [1ms]
2025-09-02 20:05:27.644 [info] > git status -z -uall [4ms]
2025-09-02 20:05:27.645 [info] > git for-each-ref --sort -committerdate --format %(refname)%00%(objectname)%00%(*objectname) [2ms]
2025-09-02 20:05:32.946 [info] > git config --get commit.template [5ms]
2025-09-02 20:05:32.947 [info] > git for-each-ref --format=%(refname)%00%(upstream:short)%00%(objectname)%00%(upstream:track)%00%(upstream:remotename)%00%(upstream:remoteref) refs/heads/main refs/remotes/main [2ms]
2025-09-02 20:05:32.955 [info] > git status -z -uall [4ms]
2025-09-02 20:05:32.956 [info] > git for-each-ref --sort -committerdate --format %(refname)%00%(objectname)%00%(*objectname) [1ms]
2025-09-02 20:05:38.410 [info] > git config --get commit.template [5ms]
2025-09-02 20:05:38.411 [info] > git for-each-ref --format=%(refname)%00%(upstream:short)%00%(objectname)%00%(upstream:track)%00%(upstream:remotename)%00%(upstream:remoteref) refs/heads/main refs/remotes/main [1ms]
2025-09-02 20:05:38.418 [info] > git status -z -uall [4ms]
2025-09-02 20:05:38.419 [info] > git for-each-ref --sort -committerdate --format %(refname)%00%(objectname)%00%(*objectname) [1ms]
2025-09-02 20:05:49.693 [info] > git config --get commit.template [5ms]
2025-09-02 20:05:49.694 [info] > git for-each-ref --format=%(refname)%00%(upstream:short)%00%(objectname)%00%(upstream:track)%00%(upstream:remotename)%00%(upstream:remoteref) refs/heads/main refs/remotes/main [1ms]
2025-09-02 20:05:49.702 [info] > git status -z -uall [4ms]
2025-09-02 20:05:49.703 [info] > git for-each-ref --sort -committerdate --format %(refname)%00%(objectname)%00%(*objectname) [1ms]
2025-09-02 20:06:07.782 [info] > git config --get commit.template [5ms]
2025-09-02 20:06:07.783 [info] > git for-each-ref --format=%(refname)%00%(upstream:short)%00%(objectname)%00%(upstream:track)%00%(upstream:remotename)%00%(upstream:remoteref) refs/heads/main refs/remotes/main [1ms]
2025-09-02 20:06:07.791 [info] > git status -z -uall [4ms]
2025-09-02 20:06:07.791 [info] > git for-each-ref --sort -committerdate --format %(refname)%00%(objectname)%00%(*objectname) [1ms]
2025-09-02 20:07:29.110 [info] > git config --get commit.template [4ms]
2025-09-02 20:07:29.111 [info] > git for-each-ref --format=%(refname)%00%(upstream:short)%00%(objectname)%00%(upstream:track)%00%(upstream:remotename)%00%(upstream:remoteref) refs/heads/main refs/remotes/main [1ms]
2025-09-02 20:07:29.119 [info] > git status -z -uall [4ms]
2025-09-02 20:07:29.120 [info] > git for-each-ref --sort -committerdate --format %(refname)%00%(objectname)%00%(*objectname) [2ms]
2025-09-02 20:08:40.002 [info] > git config --get commit.template [5ms]
2025-09-02 20:08:40.002 [info] > git for-each-ref --format=%(refname)%00%(upstream:short)%00%(objectname)%00%(upstream:track)%00%(upstream:remotename)%00%(upstream:remoteref) refs/heads/main refs/remotes/main [1ms]
2025-09-02 20:08:40.010 [info] > git status -z -uall [4ms]
2025-09-02 20:08:40.011 [info] > git for-each-ref --sort -committerdate --format %(refname)%00%(objectname)%00%(*objectname) [2ms]
2025-09-02 20:09:59.650 [info] > git config --get commit.template [4ms]
2025-09-02 20:09:59.650 [info] > git for-each-ref --format=%(refname)%00%(upstream:short)%00%(objectname)%00%(upstream:track)%00%(upstream:remotename)%00%(upstream:remoteref) refs/heads/main refs/remotes/main [1ms]
2025-09-02 20:09:59.657 [info] > git status -z -uall [3ms]
2025-09-02 20:09:59.658 [info] > git for-each-ref --sort -committerdate --format %(refname)%00%(objectname)%00%(*objectname) [1ms]
2025-09-02 20:10:54.432 [info] > git config --get commit.template [4ms]
2025-09-02 20:10:54.433 [info] > git for-each-ref --format=%(refname)%00%(upstream:short)%00%(objectname)%00%(upstream:track)%00%(upstream:remotename)%00%(upstream:remoteref) refs/heads/main refs/remotes/main [1ms]
2025-09-02 20:10:54.440 [info] > git status -z -uall [4ms]
2025-09-02 20:10:54.441 [info] > git for-each-ref --sort -committerdate --format %(refname)%00%(objectname)%00%(*objectname) [1ms]
2025-09-02 20:11:05.506 [info] > git config --get commit.template [4ms]
2025-09-02 20:11:05.507 [info] > git for-each-ref --format=%(refname)%00%(upstream:short)%00%(objectname)%00%(upstream:track)%00%(upstream:remotename)%00%(upstream:remoteref) refs/heads/main refs/remotes/main [1ms]
2025-09-02 20:11:05.514 [info] > git status -z -uall [4ms]
2025-09-02 20:11:05.515 [info] > git for-each-ref --sort -committerdate --format %(refname)%00%(objectname)%00%(*objectname) [1ms]
2025-09-02 20:11:52.197 [info] > git config --get commit.template [4ms]
2025-09-02 20:11:52.197 [info] > git for-each-ref --format=%(refname)%00%(upstream:short)%00%(objectname)%00%(upstream:track)%00%(upstream:remotename)%00%(upstream:remoteref) refs/heads/main refs/remotes/main [1ms]
2025-09-02 20:11:52.204 [info] > git status -z -uall [3ms]
2025-09-02 20:11:52.205 [info] > git for-each-ref --sort -committerdate --format %(refname)%00%(objectname)%00%(*objectname) [1ms]
2025-09-02 20:12:33.768 [info] > git config --get commit.template [5ms]
2025-09-02 20:12:33.769 [info] > git for-each-ref --format=%(refname)%00%(upstream:short)%00%(objectname)%00%(upstream:track)%00%(upstream:remotename)%00%(upstream:remoteref) refs/heads/main refs/remotes/main [1ms]
2025-09-02 20:12:33.777 [info] > git status -z -uall [4ms]
2025-09-02 20:12:33.778 [info] > git for-each-ref --sort -committerdate --format %(refname)%00%(objectname)%00%(*objectname) [1ms]
2025-09-02 20:12:43.807 [info] > git config --get commit.template [5ms]
2025-09-02 20:12:43.807 [info] > git for-each-ref --format=%(refname)%00%(upstream:short)%00%(objectname)%00%(upstream:track)%00%(upstream:remotename)%00%(upstream:remoteref) refs/heads/main refs/remotes/main [1ms]
2025-09-02 20:12:43.816 [info] > git status -z -uall [4ms]
2025-09-02 20:12:43.817 [info] > git for-each-ref --sort -committerdate --format %(refname)%00%(objectname)%00%(*objectname) [2ms]
2025-09-02 20:13:37.909 [info] > git config --get commit.template [4ms]
2025-09-02 20:13:37.910 [info] > git for-each-ref --format=%(refname)%00%(upstream:short)%00%(objectname)%00%(upstream:track)%00%(upstream:remotename)%00%(upstream:remoteref) refs/heads/main refs/remotes/main [1ms]
2025-09-02 20:13:37.918 [info] > git status -z -uall [4ms]
2025-09-02 20:13:37.919 [info] > git for-each-ref --sort -committerdate --format %(refname)%00%(objectname)%00%(*objectname) [0ms]
2025-09-02 20:14:27.386 [info] > git config --get commit.template [4ms]
2025-09-02 20:14:27.386 [info] > git for-each-ref --format=%(refname)%00%(upstream:short)%00%(objectname)%00%(upstream:track)%00%(upstream:remotename)%00%(upstream:remoteref) refs/heads/main refs/remotes/main [1ms]
2025-09-02 20:14:27.394 [info] > git status -z -uall [4ms]
2025-09-02 20:14:27.395 [info] > git for-each-ref --sort -committerdate --format %(refname)%00%(objectname)%00%(*objectname) [1ms]
2025-09-02 20:14:32.405 [info] > git config --get commit.template [4ms]
2025-09-02 20:14:32.406 [info] > git for-each-ref --format=%(refname)%00%(upstream:short)%00%(objectname)%00%(upstream:track)%00%(upstream:remotename)%00%(upstream:remoteref) refs/heads/main refs/remotes/main [1ms]
2025-09-02 20:14:32.413 [info] > git status -z -uall [4ms]
2025-09-02 20:14:32.414 [info] > git for-each-ref --sort -committerdate --format %(refname)%00%(objectname)%00%(*objectname) [1ms]
2025-09-02 20:14:37.814 [info] > git config --get commit.template [4ms]
2025-09-02 20:14:37.815 [info] > git for-each-ref --format=%(refname)%00%(upstream:short)%00%(objectname)%00%(upstream:track)%00%(upstream:remotename)%00%(upstream:remoteref) refs/heads/main refs/remotes/main [2ms]
2025-09-02 20:14:37.822 [info] > git status -z -uall [4ms]
2025-09-02 20:14:37.823 [info] > git for-each-ref --sort -committerdate --format %(refname)%00%(objectname)%00%(*objectname) [2ms]
2025-09-02 20:15:21.679 [info] > git config --get commit.template [4ms]
2025-09-02 20:15:21.680 [info] > git for-each-ref --format=%(refname)%00%(upstream:short)%00%(objectname)%00%(upstream:track)%00%(upstream:remotename)%00%(upstream:remoteref) refs/heads/main refs/remotes/main [1ms]
2025-09-02 20:15:21.688 [info] > git status -z -uall [5ms]
2025-09-02 20:15:21.688 [info] > git for-each-ref --sort -committerdate --format %(refname)%00%(objectname)%00%(*objectname) [1ms]
2025-09-02 20:16:22.875 [info] > git config --get commit.template [4ms]
2025-09-02 20:16:22.876 [info] > git for-each-ref --format=%(refname)%00%(upstream:short)%00%(objectname)%00%(upstream:track)%00%(upstream:remotename)%00%(upstream:remoteref) refs/heads/main refs/remotes/main [2ms]
2025-09-02 20:16:22.883 [info] > git status -z -uall [4ms]
2025-09-02 20:16:22.883 [info] > git for-each-ref --sort -committerdate --format %(refname)%00%(objectname)%00%(*objectname) [1ms]
2025-09-02 20:16:36.097 [info] > git config --get commit.template [5ms]
2025-09-02 20:16:36.098 [info] > git for-each-ref --format=%(refname)%00%(upstream:short)%00%(objectname)%00%(upstream:track)%00%(upstream:remotename)%00%(upstream:remoteref) refs/heads/main refs/remotes/main [1ms]
2025-09-02 20:16:36.105 [info] > git status -z -uall [4ms]
2025-09-02 20:16:36.106 [info] > git for-each-ref --sort -committerdate --format %(refname)%00%(objectname)%00%(*objectname) [1ms]
2025-09-02 20:16:42.860 [info] > git config --get commit.template [4ms]
2025-09-02 20:16:42.860 [info] > git for-each-ref --format=%(refname)%00%(upstream:short)%00%(objectname)%00%(upstream:track)%00%(upstream:remotename)%00%(upstream:remoteref) refs/heads/main refs/remotes/main [1ms]
2025-09-02 20:16:42.868 [info] > git status -z -uall [4ms]
2025-09-02 20:16:42.869 [info] > git for-each-ref --sort -committerdate --format %(refname)%00%(objectname)%00%(*objectname) [1ms]
2025-09-02 20:16:49.149 [info] > git config --get commit.template [4ms]
2025-09-02 20:16:49.150 [info] > git for-each-ref --format=%(refname)%00%(upstream:short)%00%(objectname)%00%(upstream:track)%00%(upstream:remotename)%00%(upstream:remoteref) refs/heads/main refs/remotes/main [1ms]
2025-09-02 20:16:49.158 [info] > git status -z -uall [4ms]
2025-09-02 20:16:49.158 [info] > git for-each-ref --sort -committerdate --format %(refname)%00%(objectname)%00%(*objectname) [1ms]
2025-09-02 20:18:48.566 [info] > git config --get commit.template [4ms]
2025-09-02 20:18:48.567 [info] > git for-each-ref --format=%(refname)%00%(upstream:short)%00%(objectname)%00%(upstream:track)%00%(upstream:remotename)%00%(upstream:remoteref) refs/heads/main refs/remotes/main [1ms]
2025-09-02 20:18:48.574 [info] > git status -z -uall [4ms]
2025-09-02 20:18:48.575 [info] > git for-each-ref --sort -committerdate --format %(refname)%00%(objectname)%00%(*objectname) [1ms]
2025-09-02 20:18:59.637 [info] > git config --get commit.template [1ms]
2025-09-02 20:18:59.643 [info] > git for-each-ref --format=%(refname)%00%(upstream:short)%00%(objectname)%00%(upstream:track)%00%(upstream:remotename)%00%(upstream:remoteref) refs/heads/main refs/remotes/main [1ms]
2025-09-02 20:18:59.651 [info] > git status -z -uall [4ms]
2025-09-02 20:18:59.652 [info] > git for-each-ref --sort -committerdate --format %(refname)%00%(objectname)%00%(*objectname) [1ms]
2025-09-02 20:20:40.295 [info] > git config --get commit.template [4ms]
2025-09-02 20:20:40.295 [info] > git for-each-ref --format=%(refname)%00%(upstream:short)%00%(objectname)%00%(upstream:track)%00%(upstream:remotename)%00%(upstream:remoteref) refs/heads/main refs/remotes/main [1ms]
2025-09-02 20:20:40.303 [info] > git status -z -uall [4ms]
2025-09-02 20:20:40.304 [info] > git for-each-ref --sort -committerdate --format %(refname)%00%(objectname)%00%(*objectname) [1ms]
2025-09-02 20:21:00.352 [info] > git config --get commit.template [1ms]
2025-09-02 20:21:00.357 [info] > git for-each-ref --format=%(refname)%00%(upstream:short)%00%(objectname)%00%(upstream:track)%00%(upstream:remotename)%00%(upstream:remoteref) refs/heads/main refs/remotes/main [2ms]
2025-09-02 20:21:00.364 [info] > git status -z -uall [4ms]
2025-09-02 20:21:00.365 [info] > git for-each-ref --sort -committerdate --format %(refname)%00%(objectname)%00%(*objectname) [1ms]
2025-09-02 20:21:53.113 [info] > git config --get commit.template [4ms]
2025-09-02 20:21:53.114 [info] > git for-each-ref --format=%(refname)%00%(upstream:short)%00%(objectname)%00%(upstream:track)%00%(upstream:remotename)%00%(upstream:remoteref) refs/heads/main refs/remotes/main [1ms]
2025-09-02 20:21:53.122 [info] > git status -z -uall [4ms]
2025-09-02 20:21:53.123 [info] > git for-each-ref --sort -committerdate --format %(refname)%00%(objectname)%00%(*objectname) [1ms]
2025-09-02 20:22:27.241 [info] > git config --get commit.template [1ms]
2025-09-02 20:22:27.245 [info] > git for-each-ref --format=%(refname)%00%(upstream:short)%00%(objectname)%00%(upstream:track)%00%(upstream:remotename)%00%(upstream:remoteref) refs/heads/main refs/remotes/main [1ms]
2025-09-02 20:22:27.252 [info] > git status -z -uall [3ms]
2025-09-02 20:22:27.253 [info] > git for-each-ref --sort -committerdate --format %(refname)%00%(objectname)%00%(*objectname) [1ms]
2025-09-02 20:22:43.687 [info] > git config --get commit.template [5ms]
2025-09-02 20:22:43.687 [info] > git for-each-ref --format=%(refname)%00%(upstream:short)%00%(objectname)%00%(upstream:track)%00%(upstream:remotename)%00%(upstream:remoteref) refs/heads/main refs/remotes/main [1ms]
2025-09-02 20:22:43.694 [info] > git status -z -uall [3ms]
2025-09-02 20:22:43.695 [info] > git for-each-ref --sort -committerdate --format %(refname)%00%(objectname)%00%(*objectname) [1ms]
2025-09-02 20:22:50.822 [info] > git config --get commit.template [3ms]
2025-09-02 20:22:50.822 [info] > git for-each-ref --format=%(refname)%00%(upstream:short)%00%(objectname)%00%(upstream:track)%00%(upstream:remotename)%00%(upstream:remoteref) refs/heads/main refs/remotes/main [1ms]
2025-09-02 20:22:50.831 [info] > git status -z -uall [5ms]
2025-09-02 20:22:50.832 [info] > git for-each-ref --sort -committerdate --format %(refname)%00%(objectname)%00%(*objectname) [2ms]
2025-09-02 20:23:24.616 [info] > git config --get commit.template [4ms]
2025-09-02 20:23:24.617 [info] > git for-each-ref --format=%(refname)%00%(upstream:short)%00%(objectname)%00%(upstream:track)%00%(upstream:remotename)%00%(upstream:remoteref) refs/heads/main refs/remotes/main [1ms]
2025-09-02 20:23:24.626 [info] > git status -z -uall [5ms]
2025-09-02 20:23:24.626 [info] > git for-each-ref --sort -committerdate --format %(refname)%00%(objectname)%00%(*objectname) [1ms]
2025-09-02 20:23:43.418 [info] > git config --get commit.template [5ms]
2025-09-02 20:23:43.419 [info] > git for-each-ref --format=%(refname)%00%(upstream:short)%00%(objectname)%00%(upstream:track)%00%(upstream:remotename)%00%(upstream:remoteref) refs/heads/main refs/remotes/main [1ms]
2025-09-02 20:23:43.425 [info] > git status -z -uall [3ms]
2025-09-02 20:23:43.426 [info] > git for-each-ref --sort -committerdate --format %(refname)%00%(objectname)%00%(*objectname) [1ms]
2025-09-02 20:25:01.758 [info] > git config --get commit.template [5ms]
2025-09-02 20:25:01.758 [info] > git for-each-ref --format=%(refname)%00%(upstream:short)%00%(objectname)%00%(upstream:track)%00%(upstream:remotename)%00%(upstream:remoteref) refs/heads/main refs/remotes/main [1ms]
2025-09-02 20:25:01.766 [info] > git status -z -uall [4ms]
2025-09-02 20:25:01.767 [info] > git for-each-ref --sort -committerdate --format %(refname)%00%(objectname)%00%(*objectname) [1ms]
2025-09-02 20:25:10.009 [info] > git config --get commit.template [5ms]
2025-09-02 20:25:10.010 [info] > git for-each-ref --format=%(refname)%00%(upstream:short)%00%(objectname)%00%(upstream:track)%00%(upstream:remotename)%00%(upstream:remoteref) refs/heads/main refs/remotes/main [1ms]
2025-09-02 20:25:10.018 [info] > git status -z -uall [4ms]
2025-09-02 20:25:10.019 [info] > git for-each-ref --sort -committerdate --format %(refname)%00%(objectname)%00%(*objectname) [1ms]
2025-09-02 20:25:23.314 [info] > git config --get commit.template [1ms]
2025-09-02 20:25:23.319 [info] > git for-each-ref --format=%(refname)%00%(upstream:short)%00%(objectname)%00%(upstream:track)%00%(upstream:remotename)%00%(upstream:remoteref) refs/heads/main refs/remotes/main [1ms]
2025-09-02 20:25:23.327 [info] > git status -z -uall [4ms]
2025-09-02 20:25:23.328 [info] > git for-each-ref --sort -committerdate --format %(refname)%00%(objectname)%00%(*objectname) [1ms]
2025-09-02 20:27:29.318 [info] > git config --get commit.template [5ms]
2025-09-02 20:27:29.318 [info] > git for-each-ref --format=%(refname)%00%(upstream:short)%00%(objectname)%00%(upstream:track)%00%(upstream:remotename)%00%(upstream:remoteref) refs/heads/main refs/remotes/main [1ms]
2025-09-02 20:27:29.325 [info] > git status -z -uall [3ms]
2025-09-02 20:27:29.326 [info] > git for-each-ref --sort -committerdate --format %(refname)%00%(objectname)%00%(*objectname) [1ms]
2025-09-02 20:28:35.059 [info] > git config --get commit.template [5ms]
2025-09-02 20:28:35.059 [info] > git for-each-ref --format=%(refname)%00%(upstream:short)%00%(objectname)%00%(upstream:track)%00%(upstream:remotename)%00%(upstream:remoteref) refs/heads/main refs/remotes/main [1ms]
2025-09-02 20:28:35.067 [info] > git status -z -uall [4ms]
2025-09-02 20:28:35.068 [info] > git for-each-ref --sort -committerdate --format %(refname)%00%(objectname)%00%(*objectname) [1ms]
2025-09-02 20:29:01.394 [info] > git config --get commit.template [5ms]
2025-09-02 20:29:01.395 [info] > git for-each-ref --format=%(refname)%00%(upstream:short)%00%(objectname)%00%(upstream:track)%00%(upstream:remotename)%00%(upstream:remoteref) refs/heads/main refs/remotes/main [1ms]
2025-09-02 20:29:01.404 [info] > git status -z -uall [5ms]
2025-09-02 20:29:01.405 [info] > git for-each-ref --sort -committerdate --format %(refname)%00%(objectname)%00%(*objectname) [1ms]
2025-09-02 20:29:16.611 [info] > git config --get commit.template [4ms]
2025-09-02 20:29:16.612 [info] > git for-each-ref --format=%(refname)%00%(upstream:short)%00%(objectname)%00%(upstream:track)%00%(upstream:remotename)%00%(upstream:remoteref) refs/heads/main refs/remotes/main [1ms]
2025-09-02 20:29:16.620 [info] > git status -z -uall [4ms]
2025-09-02 20:29:16.621 [info] > git for-each-ref --sort -committerdate --format %(refname)%00%(objectname)%00%(*objectname) [1ms]
2025-09-02 20:29:27.525 [info] > git config --get commit.template [5ms]
2025-09-02 20:29:27.526 [info] > git for-each-ref --format=%(refname)%00%(upstream:short)%00%(objectname)%00%(upstream:track)%00%(upstream:remotename)%00%(upstream:remoteref) refs/heads/main refs/remotes/main [1ms]
2025-09-02 20:29:27.534 [info] > git status -z -uall [4ms]
2025-09-02 20:29:27.535 [info] > git for-each-ref --sort -committerdate --format %(refname)%00%(objectname)%00%(*objectname) [1ms]
2025-09-02 20:29:32.544 [info] > git config --get commit.template [4ms]
2025-09-02 20:29:32.545 [info] > git for-each-ref --format=%(refname)%00%(upstream:short)%00%(objectname)%00%(upstream:track)%00%(upstream:remotename)%00%(upstream:remoteref) refs/heads/main refs/remotes/main [1ms]
2025-09-02 20:29:32.552 [info] > git status -z -uall [4ms]
2025-09-02 20:29:32.553 [info] > git for-each-ref --sort -committerdate --format %(refname)%00%(objectname)%00%(*objectname) [1ms]
2025-09-02 20:29:37.564 [info] > git config --get commit.template [5ms]
2025-09-02 20:29:37.565 [info] > git for-each-ref --format=%(refname)%00%(upstream:short)%00%(objectname)%00%(upstream:track)%00%(upstream:remotename)%00%(upstream:remoteref) refs/heads/main refs/remotes/main [2ms]
2025-09-02 20:29:37.573 [info] > git status -z -uall [4ms]
2025-09-02 20:29:37.574 [info] > git for-each-ref --sort -committerdate --format %(refname)%00%(objectname)%00%(*objectname) [2ms]
2025-09-02 20:29:59.349 [info] > git config --get commit.template [5ms]
2025-09-02 20:29:59.350 [info] > git for-each-ref --format=%(refname)%00%(upstream:short)%00%(objectname)%00%(upstream:track)%00%(upstream:remotename)%00%(upstream:remoteref) refs/heads/main refs/remotes/main [1ms]
2025-09-02 20:29:59.359 [info] > git status -z -uall [5ms]
2025-09-02 20:29:59.359 [info] > git for-each-ref --sort -committerdate --format %(refname)%00%(objectname)%00%(*objectname) [1ms]
2025-09-02 20:33:40.055 [info] > git config --get commit.template [6ms]
2025-09-02 20:33:40.059 [info] > git ls-files --stage -- recipes/ragu.html [5ms]
2025-09-02 20:33:40.064 [info] > git for-each-ref --format=%(refname)%00%(upstream:short)%00%(objectname)%00%(upstream:track)%00%(upstream:remotename)%00%(upstream:remoteref) refs/heads/main refs/remotes/main [5ms]
2025-09-02 20:33:40.072 [info] > git status -z -uall [5ms]
2025-09-02 20:33:40.072 [info] > git cat-file -s abf512fe99dac7c1ec7b396a9c4c863acf2c11d2 [9ms]
2025-09-02 20:33:40.072 [info] > git for-each-ref --sort -committerdate --format %(refname)%00%(objectname)%00%(*objectname) [1ms]
2025-09-02 20:33:40.078 [info] > git show --textconv :recipes/ragu.html [1ms]
2025-09-02 20:33:40.384 [info] > git show --textconv HEAD:recipes/ragu.html [5ms]
2025-09-02 20:33:40.385 [info] > git ls-tree -l HEAD -- recipes/ragu.html [1ms]
2025-09-02 20:33:44.442 [info] > git show --textconv :.git/COMMIT_EDITMSG [4ms]
2025-09-02 20:33:44.442 [warning] [GitFileSystemProvider][readFile] File not found - git:/home/k/odin-recipes/.git/COMMIT_EDITMSG.git?%7B%22path%22%3A%22%2Fhome%2Fk%2Fodin-recipes%2F.git%2FCOMMIT_EDITMSG%22%2C%22ref%22%3A%22%22%7D
2025-09-02 20:33:44.443 [info] > git ls-files --stage -- .git/COMMIT_EDITMSG [1ms]
2025-09-02 20:33:44.443 [warning] [GitFileSystemProvider][stat] File not found - git:/home/k/odin-recipes/.git/COMMIT_EDITMSG.git?%7B%22path%22%3A%22%2Fhome%2Fk%2Fodin-recipes%2F.git%2FCOMMIT_EDITMSG%22%2C%22ref%22%3A%22%22%7D
2025-09-02 20:33:45.589 [info] > git config --get commit.template [7ms]
2025-09-02 20:33:45.589 [info] > git for-each-ref --format=%(refname)%00%(upstream:short)%00%(objectname)%00%(upstream:track)%00%(upstream:remotename)%00%(upstream:remoteref) refs/heads/main refs/remotes/main [1ms]
2025-09-02 20:33:45.597 [info] > git status -z -uall [4ms]
2025-09-02 20:33:45.598 [info] > git for-each-ref --sort -committerdate --format %(refname)%00%(objectname)%00%(*objectname) [1ms]
2025-09-02 20:33:45.994 [info] > git blame --root --incremental ce77199b42c2b20c5bdd2a1dc47e635145badc26 -- .git/COMMIT_EDITMSG [1ms]
2025-09-02 20:33:45.994 [info] fatal: no such path .git/COMMIT_EDITMSG in ce77199b42c2b20c5bdd2a1dc47e635145badc26
2025-09-02 20:34:31.078 [info] > git config --get commit.template [4ms]
2025-09-02 20:34:31.079 [info] > git for-each-ref --format=%(refname)%00%(upstream:short)%00%(objectname)%00%(upstream:track)%00%(upstream:remotename)%00%(upstream:remoteref) refs/heads/main refs/remotes/main [1ms]
2025-09-02 20:34:31.087 [info] > git status -z -uall [4ms]
2025-09-02 20:34:31.088 [info] > git for-each-ref --sort -committerdate --format %(refname)%00%(objectname)%00%(*objectname) [1ms]
2025-09-02 20:34:33.186 [info] > git show --textconv :recipes/ragu.html [14ms]
2025-09-02 20:34:33.186 [info] > git show --textconv HEAD:recipes/ragu.html [9ms]
2025-09-02 20:34:33.186 [info] > git ls-files --stage -- recipes/ragu.html [5ms]
2025-09-02 20:34:33.191 [info] > git cat-file -s abf512fe99dac7c1ec7b396a9c4c863acf2c11d2 [1ms]
2025-09-02 20:34:33.191 [info] > git ls-tree -l HEAD -- recipes/ragu.html [6ms]
2025-09-02 20:37:23.512 [info] > git ls-files --stage -- recipes/ragu.html [5ms]
2025-09-02 20:37:23.516 [info] > git config --get commit.template [15ms]
2025-09-02 20:37:23.520 [info] > git ls-tree -l HEAD -- recipes/ragu.html [9ms]
2025-09-02 20:37:23.520 [info] > git cat-file -s abf512fe99dac7c1ec7b396a9c4c863acf2c11d2 [4ms]
2025-09-02 20:37:23.521 [info] > git for-each-ref --format=%(refname)%00%(upstream:short)%00%(objectname)%00%(upstream:track)%00%(upstream:remotename)%00%(upstream:remoteref) refs/heads/main refs/remotes/main [2ms]
2025-09-02 20:37:23.529 [info] > git status -z -uall [4ms]
2025-09-02 20:37:23.538 [info] > git show --textconv HEAD:recipes/ragu.html [5ms]
2025-09-02 20:37:23.538 [info] > git for-each-ref --sort -committerdate --format %(refname)%00%(objectname)%00%(*objectname) [9ms]
2025-09-02 20:37:23.549 [info] > git show --textconv :recipes/ragu.html [12ms]
2025-09-02 20:37:23.550 [info] > git blame --root --incremental 2c183e47bb4458689f05a2aeb71206b296266da6 -- recipes/ragu.html [5ms]
2025-09-02 20:37:23.551 [info] > git merge-base refs/heads/main refs/remotes/origin/main [2ms]
2025-09-02 20:37:23.556 [info] > git diff --name-status -z --diff-filter=ADMR 2c183e47bb4458689f05a2aeb71206b296266da6...refs/remotes/origin/main [1ms]
