2025-09-02 23:43:49.202 [info] Started local extension host with pid 6659.
2025-09-02 23:43:49.390 [error] Extension 'ms-python.debugpy CANNOT USE these API proposals 'portsAttributes, debugVisualization, contribViewsWelcome'. You MUST start in extension development mode or use the --enable-proposed-api command line flag
2025-09-02 23:43:49.390 [error] Extension 'ms-python.python CANNOT USE these API proposals 'contribEditorContentMenu, quickPickSortByLabel, testObserver, quickPickItemTooltip, terminalDataWriteEvent, terminalExecuteCommandEvent, codeActionAI, notebookReplDocument, notebookVariableProvider'. You MUST start in extension development mode or use the --enable-proposed-api command line flag
2025-09-02 23:43:49.409 [error] [ms-python.python]: editor/content is a proposed menu identifier. It requires 'package.json#enabledApiProposals: ["contribEditorContentMenu"]' and is only available when running out of dev or with the following command line switch: --enable-proposed-api ms-python.python
2025-09-02 23:43:50.056 [error] [Extension Host] (node:6659) [DEP0040] DeprecationWarning: The `punycode` module is deprecated. Please use a userland alternative instead.
(Use `exe --trace-deprecation ...` to show where the warning was created)
2025-09-02 23:43:51.850 [info] [perf] Render performance baseline is 16ms
2025-09-02 23:43:52.309 [error] Error while getting the latest version for the extension gruntfuggly.todo-tree. Unexpected token '<', "<!DOCTYPE "... is not valid JSON:
<!DOCTYPE html>
<html lang="en">

<head>
    <title>Open VSX Registry</title>
    <meta charset="UTF-8">
    <meta name="viewport" content="width=device-width, initial-scale=1">
    <link rel="stylesheet" href="https://fonts.googleapis.com/css?family=Roboto:300,400,500,700&display=swap" />

    <!-- Google Tag Manager -->
    <script>(function(w,d,s,l,i){w[l]=w[l]||[];w[l].push({'gtm.start':
    new Date().getTime(),event:'gtm.js'});var f=d.getElementsByTagName(s)[0],
    j=d.createElement(s),dl=l!='dataLayer'?'&l='+l:'';j.async=true;j.src=
    'https://www.googletagmanager.com/gtm.js?id='+i+dl;f.parentNode.insertBefore(j,f);
    })(window,document,'script','dataLayer','GTM-5WLCZXC');</script>

    <!-- Eclipse Cookie Consent -->
    <link rel="stylesheet" type="text/css"
        href="//www.eclipse.org/eclipse.org-common/themes/solstice/public/stylesheets/vendor/cookieconsent/cookieconsent.min.css" />
    <script
        src="//www.eclipse.org/eclipse.org-common/themes/solstice/public/javascript/vendor/cookieconsent/default.min.js">
    </script>
    <style>
        a.cc-btn.cc-allow {
            background-color: #c160ef;
        }
        a.cc-btn.cc-allow:hover, a.cc-btn.cc-allow:focus {
            background-color: #444;
        }
        .cc-revoke {
            display: none !important;
        }
        @media (prefers-color-scheme: dark) {
          body {
            background-color: #121212;
          }
        }
    </style>
</head>

<body>
    <!-- Google Tag Manager (noscript) -->
    <noscript><iframe title="Google Tag Manager" src="https://www.googletagmanager.com/ns.html?id=GTM-5WLCZXC" height="0" width="0" style="display:none;visibility:hidden"></iframe></noscript>
    <!-- End Google Tag Manager (noscript) -->
    <div id="main"></div>
    <script src='/bundle.js' ></script>
</body>

</html>

2025-09-02 23:43:52.405 [error] Error while getting the latest version for the extension oderwat.indent-rainbow. Unexpected token '<', "<!DOCTYPE "... is not valid JSON:
<!DOCTYPE html>
<html lang="en">

<head>
    <title>Open VSX Registry</title>
    <meta charset="UTF-8">
    <meta name="viewport" content="width=device-width, initial-scale=1">
    <link rel="stylesheet" href="https://fonts.googleapis.com/css?family=Roboto:300,400,500,700&display=swap" />

    <!-- Google Tag Manager -->
    <script>(function(w,d,s,l,i){w[l]=w[l]||[];w[l].push({'gtm.start':
    new Date().getTime(),event:'gtm.js'});var f=d.getElementsByTagName(s)[0],
    j=d.createElement(s),dl=l!='dataLayer'?'&l='+l:'';j.async=true;j.src=
    'https://www.googletagmanager.com/gtm.js?id='+i+dl;f.parentNode.insertBefore(j,f);
    })(window,document,'script','dataLayer','GTM-5WLCZXC');</script>

    <!-- Eclipse Cookie Consent -->
    <link rel="stylesheet" type="text/css"
        href="//www.eclipse.org/eclipse.org-common/themes/solstice/public/stylesheets/vendor/cookieconsent/cookieconsent.min.css" />
    <script
        src="//www.eclipse.org/eclipse.org-common/themes/solstice/public/javascript/vendor/cookieconsent/default.min.js">
    </script>
    <style>
        a.cc-btn.cc-allow {
            background-color: #c160ef;
        }
        a.cc-btn.cc-allow:hover, a.cc-btn.cc-allow:focus {
            background-color: #444;
        }
        .cc-revoke {
            display: none !important;
        }
        @media (prefers-color-scheme: dark) {
          body {
            background-color: #121212;
          }
        }
    </style>
</head>

<body>
    <!-- Google Tag Manager (noscript) -->
    <noscript><iframe title="Google Tag Manager" src="https://www.googletagmanager.com/ns.html?id=GTM-5WLCZXC" height="0" width="0" style="display:none;visibility:hidden"></iframe></noscript>
    <!-- End Google Tag Manager (noscript) -->
    <div id="main"></div>
    <script src='/bundle.js' ></script>
</body>

</html>

2025-09-02 23:43:52.512 [error] Error while getting the latest version for the extension christian-kohler.npm-intellisense. Unexpected token '<', "<!DOCTYPE "... is not valid JSON:
<!DOCTYPE html>
<html lang="en">

<head>
    <title>Open VSX Registry</title>
    <meta charset="UTF-8">
    <meta name="viewport" content="width=device-width, initial-scale=1">
    <link rel="stylesheet" href="https://fonts.googleapis.com/css?family=Roboto:300,400,500,700&display=swap" />

    <!-- Google Tag Manager -->
    <script>(function(w,d,s,l,i){w[l]=w[l]||[];w[l].push({'gtm.start':
    new Date().getTime(),event:'gtm.js'});var f=d.getElementsByTagName(s)[0],
    j=d.createElement(s),dl=l!='dataLayer'?'&l='+l:'';j.async=true;j.src=
    'https://www.googletagmanager.com/gtm.js?id='+i+dl;f.parentNode.insertBefore(j,f);
    })(window,document,'script','dataLayer','GTM-5WLCZXC');</script>

    <!-- Eclipse Cookie Consent -->
    <link rel="stylesheet" type="text/css"
        href="//www.eclipse.org/eclipse.org-common/themes/solstice/public/stylesheets/vendor/cookieconsent/cookieconsent.min.css" />
    <script
        src="//www.eclipse.org/eclipse.org-common/themes/solstice/public/javascript/vendor/cookieconsent/default.min.js">
    </script>
    <style>
        a.cc-btn.cc-allow {
            background-color: #c160ef;
        }
        a.cc-btn.cc-allow:hover, a.cc-btn.cc-allow:focus {
            background-color: #444;
        }
        .cc-revoke {
            display: none !important;
        }
        @media (prefers-color-scheme: dark) {
          body {
            background-color: #121212;
          }
        }
    </style>
</head>

<body>
    <!-- Google Tag Manager (noscript) -->
    <noscript><iframe title="Google Tag Manager" src="https://www.googletagmanager.com/ns.html?id=GTM-5WLCZXC" height="0" width="0" style="display:none;visibility:hidden"></iframe></noscript>
    <!-- End Google Tag Manager (noscript) -->
    <div id="main"></div>
    <script src='/bundle.js' ></script>
</body>

</html>

2025-09-02 23:43:53.113 [error] Error while getting the latest version for the extension ms-python.python. Unexpected token '<', "<!DOCTYPE "... is not valid JSON:
<!DOCTYPE html>
<html lang="en">

<head>
    <title>Open VSX Registry</title>
    <meta charset="UTF-8">
    <meta name="viewport" content="width=device-width, initial-scale=1">
    <link rel="stylesheet" href="https://fonts.googleapis.com/css?family=Roboto:300,400,500,700&display=swap" />

    <!-- Google Tag Manager -->
    <script>(function(w,d,s,l,i){w[l]=w[l]||[];w[l].push({'gtm.start':
    new Date().getTime(),event:'gtm.js'});var f=d.getElementsByTagName(s)[0],
    j=d.createElement(s),dl=l!='dataLayer'?'&l='+l:'';j.async=true;j.src=
    'https://www.googletagmanager.com/gtm.js?id='+i+dl;f.parentNode.insertBefore(j,f);
    })(window,document,'script','dataLayer','GTM-5WLCZXC');</script>

    <!-- Eclipse Cookie Consent -->
    <link rel="stylesheet" type="text/css"
        href="//www.eclipse.org/eclipse.org-common/themes/solstice/public/stylesheets/vendor/cookieconsent/cookieconsent.min.css" />
    <script
        src="//www.eclipse.org/eclipse.org-common/themes/solstice/public/javascript/vendor/cookieconsent/default.min.js">
    </script>
    <style>
        a.cc-btn.cc-allow {
            background-color: #c160ef;
        }
        a.cc-btn.cc-allow:hover, a.cc-btn.cc-allow:focus {
            background-color: #444;
        }
        .cc-revoke {
            display: none !important;
        }
        @media (prefers-color-scheme: dark) {
          body {
            background-color: #121212;
          }
        }
    </style>
</head>

<body>
    <!-- Google Tag Manager (noscript) -->
    <noscript><iframe title="Google Tag Manager" src="https://www.googletagmanager.com/ns.html?id=GTM-5WLCZXC" height="0" width="0" style="display:none;visibility:hidden"></iframe></noscript>
    <!-- End Google Tag Manager (noscript) -->
    <div id="main"></div>
    <script src='/bundle.js' ></script>
</body>

</html>

2025-09-02 23:43:53.212 [error] Error while getting the latest version for the extension ms-python.debugpy. Unexpected token '<', "<!DOCTYPE "... is not valid JSON:
<!DOCTYPE html>
<html lang="en">

<head>
    <title>Open VSX Registry</title>
    <meta charset="UTF-8">
    <meta name="viewport" content="width=device-width, initial-scale=1">
    <link rel="stylesheet" href="https://fonts.googleapis.com/css?family=Roboto:300,400,500,700&display=swap" />

    <!-- Google Tag Manager -->
    <script>(function(w,d,s,l,i){w[l]=w[l]||[];w[l].push({'gtm.start':
    new Date().getTime(),event:'gtm.js'});var f=d.getElementsByTagName(s)[0],
    j=d.createElement(s),dl=l!='dataLayer'?'&l='+l:'';j.async=true;j.src=
    'https://www.googletagmanager.com/gtm.js?id='+i+dl;f.parentNode.insertBefore(j,f);
    })(window,document,'script','dataLayer','GTM-5WLCZXC');</script>

    <!-- Eclipse Cookie Consent -->
    <link rel="stylesheet" type="text/css"
        href="//www.eclipse.org/eclipse.org-common/themes/solstice/public/stylesheets/vendor/cookieconsent/cookieconsent.min.css" />
    <script
        src="//www.eclipse.org/eclipse.org-common/themes/solstice/public/javascript/vendor/cookieconsent/default.min.js">
    </script>
    <style>
        a.cc-btn.cc-allow {
            background-color: #c160ef;
        }
        a.cc-btn.cc-allow:hover, a.cc-btn.cc-allow:focus {
            background-color: #444;
        }
        .cc-revoke {
            display: none !important;
        }
        @media (prefers-color-scheme: dark) {
          body {
            background-color: #121212;
          }
        }
    </style>
</head>

<body>
    <!-- Google Tag Manager (noscript) -->
    <noscript><iframe title="Google Tag Manager" src="https://www.googletagmanager.com/ns.html?id=GTM-5WLCZXC" height="0" width="0" style="display:none;visibility:hidden"></iframe></noscript>
    <!-- End Google Tag Manager (noscript) -->
    <div id="main"></div>
    <script src='/bundle.js' ></script>
</body>

</html>

2025-09-02 23:43:53.313 [error] Error while getting the latest version for the extension yzhang.markdown-all-in-one. Unexpected token '<', "<!DOCTYPE "... is not valid JSON:
<!DOCTYPE html>
<html lang="en">

<head>
    <title>Open VSX Registry</title>
    <meta charset="UTF-8">
    <meta name="viewport" content="width=device-width, initial-scale=1">
    <link rel="stylesheet" href="https://fonts.googleapis.com/css?family=Roboto:300,400,500,700&display=swap" />

    <!-- Google Tag Manager -->
    <script>(function(w,d,s,l,i){w[l]=w[l]||[];w[l].push({'gtm.start':
    new Date().getTime(),event:'gtm.js'});var f=d.getElementsByTagName(s)[0],
    j=d.createElement(s),dl=l!='dataLayer'?'&l='+l:'';j.async=true;j.src=
    'https://www.googletagmanager.com/gtm.js?id='+i+dl;f.parentNode.insertBefore(j,f);
    })(window,document,'script','dataLayer','GTM-5WLCZXC');</script>

    <!-- Eclipse Cookie Consent -->
    <link rel="stylesheet" type="text/css"
        href="//www.eclipse.org/eclipse.org-common/themes/solstice/public/stylesheets/vendor/cookieconsent/cookieconsent.min.css" />
    <script
        src="//www.eclipse.org/eclipse.org-common/themes/solstice/public/javascript/vendor/cookieconsent/default.min.js">
    </script>
    <style>
        a.cc-btn.cc-allow {
            background-color: #c160ef;
        }
        a.cc-btn.cc-allow:hover, a.cc-btn.cc-allow:focus {
            background-color: #444;
        }
        .cc-revoke {
            display: none !important;
        }
        @media (prefers-color-scheme: dark) {
          body {
            background-color: #121212;
          }
        }
    </style>
</head>

<body>
    <!-- Google Tag Manager (noscript) -->
    <noscript><iframe title="Google Tag Manager" src="https://www.googletagmanager.com/ns.html?id=GTM-5WLCZXC" height="0" width="0" style="display:none;visibility:hidden"></iframe></noscript>
    <!-- End Google Tag Manager (noscript) -->
    <div id="main"></div>
    <script src='/bundle.js' ></script>
</body>

</html>

2025-09-02 23:43:53.408 [error] Error while getting the latest version for the extension tombonnike.vscode-status-bar-format-toggle. Unexpected token '<', "<!DOCTYPE "... is not valid JSON:
<!DOCTYPE html>
<html lang="en">

<head>
    <title>Open VSX Registry</title>
    <meta charset="UTF-8">
    <meta name="viewport" content="width=device-width, initial-scale=1">
    <link rel="stylesheet" href="https://fonts.googleapis.com/css?family=Roboto:300,400,500,700&display=swap" />

    <!-- Google Tag Manager -->
    <script>(function(w,d,s,l,i){w[l]=w[l]||[];w[l].push({'gtm.start':
    new Date().getTime(),event:'gtm.js'});var f=d.getElementsByTagName(s)[0],
    j=d.createElement(s),dl=l!='dataLayer'?'&l='+l:'';j.async=true;j.src=
    'https://www.googletagmanager.com/gtm.js?id='+i+dl;f.parentNode.insertBefore(j,f);
    })(window,document,'script','dataLayer','GTM-5WLCZXC');</script>

    <!-- Eclipse Cookie Consent -->
    <link rel="stylesheet" type="text/css"
        href="//www.eclipse.org/eclipse.org-common/themes/solstice/public/stylesheets/vendor/cookieconsent/cookieconsent.min.css" />
    <script
        src="//www.eclipse.org/eclipse.org-common/themes/solstice/public/javascript/vendor/cookieconsent/default.min.js">
    </script>
    <style>
        a.cc-btn.cc-allow {
            background-color: #c160ef;
        }
        a.cc-btn.cc-allow:hover, a.cc-btn.cc-allow:focus {
            background-color: #444;
        }
        .cc-revoke {
            display: none !important;
        }
        @media (prefers-color-scheme: dark) {
          body {
            background-color: #121212;
          }
        }
    </style>
</head>

<body>
    <!-- Google Tag Manager (noscript) -->
    <noscript><iframe title="Google Tag Manager" src="https://www.googletagmanager.com/ns.html?id=GTM-5WLCZXC" height="0" width="0" style="display:none;visibility:hidden"></iframe></noscript>
    <!-- End Google Tag Manager (noscript) -->
    <div id="main"></div>
    <script src='/bundle.js' ></script>
</body>

</html>

2025-09-02 23:43:53.505 [error] Error while getting the latest version for the extension ibm.output-colorizer. Unexpected token '<', "<!DOCTYPE "... is not valid JSON:
<!DOCTYPE html>
<html lang="en">

<head>
    <title>Open VSX Registry</title>
    <meta charset="UTF-8">
    <meta name="viewport" content="width=device-width, initial-scale=1">
    <link rel="stylesheet" href="https://fonts.googleapis.com/css?family=Roboto:300,400,500,700&display=swap" />

    <!-- Google Tag Manager -->
    <script>(function(w,d,s,l,i){w[l]=w[l]||[];w[l].push({'gtm.start':
    new Date().getTime(),event:'gtm.js'});var f=d.getElementsByTagName(s)[0],
    j=d.createElement(s),dl=l!='dataLayer'?'&l='+l:'';j.async=true;j.src=
    'https://www.googletagmanager.com/gtm.js?id='+i+dl;f.parentNode.insertBefore(j,f);
    })(window,document,'script','dataLayer','GTM-5WLCZXC');</script>

    <!-- Eclipse Cookie Consent -->
    <link rel="stylesheet" type="text/css"
        href="//www.eclipse.org/eclipse.org-common/themes/solstice/public/stylesheets/vendor/cookieconsent/cookieconsent.min.css" />
    <script
        src="//www.eclipse.org/eclipse.org-common/themes/solstice/public/javascript/vendor/cookieconsent/default.min.js">
    </script>
    <style>
        a.cc-btn.cc-allow {
            background-color: #c160ef;
        }
        a.cc-btn.cc-allow:hover, a.cc-btn.cc-allow:focus {
            background-color: #444;
        }
        .cc-revoke {
            display: none !important;
        }
        @media (prefers-color-scheme: dark) {
          body {
            background-color: #121212;
          }
        }
    </style>
</head>

<body>
    <!-- Google Tag Manager (noscript) -->
    <noscript><iframe title="Google Tag Manager" src="https://www.googletagmanager.com/ns.html?id=GTM-5WLCZXC" height="0" width="0" style="display:none;visibility:hidden"></iframe></noscript>
    <!-- End Google Tag Manager (noscript) -->
    <div id="main"></div>
    <script src='/bundle.js' ></script>
</body>

</html>

2025-09-02 23:43:53.626 [error] Error while getting the latest version for the extension firefox-devtools.vscode-firefox-debug. Unexpected token '<', "<!DOCTYPE "... is not valid JSON:
<!DOCTYPE html>
<html lang="en">

<head>
    <title>Open VSX Registry</title>
    <meta charset="UTF-8">
    <meta name="viewport" content="width=device-width, initial-scale=1">
    <link rel="stylesheet" href="https://fonts.googleapis.com/css?family=Roboto:300,400,500,700&display=swap" />

    <!-- Google Tag Manager -->
    <script>(function(w,d,s,l,i){w[l]=w[l]||[];w[l].push({'gtm.start':
    new Date().getTime(),event:'gtm.js'});var f=d.getElementsByTagName(s)[0],
    j=d.createElement(s),dl=l!='dataLayer'?'&l='+l:'';j.async=true;j.src=
    'https://www.googletagmanager.com/gtm.js?id='+i+dl;f.parentNode.insertBefore(j,f);
    })(window,document,'script','dataLayer','GTM-5WLCZXC');</script>

    <!-- Eclipse Cookie Consent -->
    <link rel="stylesheet" type="text/css"
        href="//www.eclipse.org/eclipse.org-common/themes/solstice/public/stylesheets/vendor/cookieconsent/cookieconsent.min.css" />
    <script
        src="//www.eclipse.org/eclipse.org-common/themes/solstice/public/javascript/vendor/cookieconsent/default.min.js">
    </script>
    <style>
        a.cc-btn.cc-allow {
            background-color: #c160ef;
        }
        a.cc-btn.cc-allow:hover, a.cc-btn.cc-allow:focus {
            background-color: #444;
        }
        .cc-revoke {
            display: none !important;
        }
        @media (prefers-color-scheme: dark) {
          body {
            background-color: #121212;
          }
        }
    </style>
</head>

<body>
    <!-- Google Tag Manager (noscript) -->
    <noscript><iframe title="Google Tag Manager" src="https://www.googletagmanager.com/ns.html?id=GTM-5WLCZXC" height="0" width="0" style="display:none;visibility:hidden"></iframe></noscript>
    <!-- End Google Tag Manager (noscript) -->
    <div id="main"></div>
    <script src='/bundle.js' ></script>
</body>

</html>

2025-09-02 23:43:53.704 [error] Error while getting the latest version for the extension dbaeumer.vscode-eslint. Unexpected token '<', "<!DOCTYPE "... is not valid JSON:
<!DOCTYPE html>
<html lang="en">

<head>
    <title>Open VSX Registry</title>
    <meta charset="UTF-8">
    <meta name="viewport" content="width=device-width, initial-scale=1">
    <link rel="stylesheet" href="https://fonts.googleapis.com/css?family=Roboto:300,400,500,700&display=swap" />

    <!-- Google Tag Manager -->
    <script>(function(w,d,s,l,i){w[l]=w[l]||[];w[l].push({'gtm.start':
    new Date().getTime(),event:'gtm.js'});var f=d.getElementsByTagName(s)[0],
    j=d.createElement(s),dl=l!='dataLayer'?'&l='+l:'';j.async=true;j.src=
    'https://www.googletagmanager.com/gtm.js?id='+i+dl;f.parentNode.insertBefore(j,f);
    })(window,document,'script','dataLayer','GTM-5WLCZXC');</script>

    <!-- Eclipse Cookie Consent -->
    <link rel="stylesheet" type="text/css"
        href="//www.eclipse.org/eclipse.org-common/themes/solstice/public/stylesheets/vendor/cookieconsent/cookieconsent.min.css" />
    <script
        src="//www.eclipse.org/eclipse.org-common/themes/solstice/public/javascript/vendor/cookieconsent/default.min.js">
    </script>
    <style>
        a.cc-btn.cc-allow {
            background-color: #c160ef;
        }
        a.cc-btn.cc-allow:hover, a.cc-btn.cc-allow:focus {
            background-color: #444;
        }
        .cc-revoke {
            display: none !important;
        }
        @media (prefers-color-scheme: dark) {
          body {
            background-color: #121212;
          }
        }
    </style>
</head>

<body>
    <!-- Google Tag Manager (noscript) -->
    <noscript><iframe title="Google Tag Manager" src="https://www.googletagmanager.com/ns.html?id=GTM-5WLCZXC" height="0" width="0" style="display:none;visibility:hidden"></iframe></noscript>
    <!-- End Google Tag Manager (noscript) -->
    <div id="main"></div>
    <script src='/bundle.js' ></script>
</body>

</html>

2025-09-02 23:43:54.310 [error] Error while getting the latest version for the extension esbenp.prettier-vscode. Unexpected token '<', "<!DOCTYPE "... is not valid JSON:
<!DOCTYPE html>
<html lang="en">

<head>
    <title>Open VSX Registry</title>
    <meta charset="UTF-8">
    <meta name="viewport" content="width=device-width, initial-scale=1">
    <link rel="stylesheet" href="https://fonts.googleapis.com/css?family=Roboto:300,400,500,700&display=swap" />

    <!-- Google Tag Manager -->
    <script>(function(w,d,s,l,i){w[l]=w[l]||[];w[l].push({'gtm.start':
    new Date().getTime(),event:'gtm.js'});var f=d.getElementsByTagName(s)[0],
    j=d.createElement(s),dl=l!='dataLayer'?'&l='+l:'';j.async=true;j.src=
    'https://www.googletagmanager.com/gtm.js?id='+i+dl;f.parentNode.insertBefore(j,f);
    })(window,document,'script','dataLayer','GTM-5WLCZXC');</script>

    <!-- Eclipse Cookie Consent -->
    <link rel="stylesheet" type="text/css"
        href="//www.eclipse.org/eclipse.org-common/themes/solstice/public/stylesheets/vendor/cookieconsent/cookieconsent.min.css" />
    <script
        src="//www.eclipse.org/eclipse.org-common/themes/solstice/public/javascript/vendor/cookieconsent/default.min.js">
    </script>
    <style>
        a.cc-btn.cc-allow {
            background-color: #c160ef;
        }
        a.cc-btn.cc-allow:hover, a.cc-btn.cc-allow:focus {
            background-color: #444;
        }
        .cc-revoke {
            display: none !important;
        }
        @media (prefers-color-scheme: dark) {
          body {
            background-color: #121212;
          }
        }
    </style>
</head>

<body>
    <!-- Google Tag Manager (noscript) -->
    <noscript><iframe title="Google Tag Manager" src="https://www.googletagmanager.com/ns.html?id=GTM-5WLCZXC" height="0" width="0" style="display:none;visibility:hidden"></iframe></noscript>
    <!-- End Google Tag Manager (noscript) -->
    <div id="main"></div>
    <script src='/bundle.js' ></script>
</body>

</html>

2025-09-02 23:43:54.412 [error] Error while getting the latest version for the extension xabikos.javascriptsnippets. Unexpected token '<', "<!DOCTYPE "... is not valid JSON:
<!DOCTYPE html>
<html lang="en">

<head>
    <title>Open VSX Registry</title>
    <meta charset="UTF-8">
    <meta name="viewport" content="width=device-width, initial-scale=1">
    <link rel="stylesheet" href="https://fonts.googleapis.com/css?family=Roboto:300,400,500,700&display=swap" />

    <!-- Google Tag Manager -->
    <script>(function(w,d,s,l,i){w[l]=w[l]||[];w[l].push({'gtm.start':
    new Date().getTime(),event:'gtm.js'});var f=d.getElementsByTagName(s)[0],
    j=d.createElement(s),dl=l!='dataLayer'?'&l='+l:'';j.async=true;j.src=
    'https://www.googletagmanager.com/gtm.js?id='+i+dl;f.parentNode.insertBefore(j,f);
    })(window,document,'script','dataLayer','GTM-5WLCZXC');</script>

    <!-- Eclipse Cookie Consent -->
    <link rel="stylesheet" type="text/css"
        href="//www.eclipse.org/eclipse.org-common/themes/solstice/public/stylesheets/vendor/cookieconsent/cookieconsent.min.css" />
    <script
        src="//www.eclipse.org/eclipse.org-common/themes/solstice/public/javascript/vendor/cookieconsent/default.min.js">
    </script>
    <style>
        a.cc-btn.cc-allow {
            background-color: #c160ef;
        }
        a.cc-btn.cc-allow:hover, a.cc-btn.cc-allow:focus {
            background-color: #444;
        }
        .cc-revoke {
            display: none !important;
        }
        @media (prefers-color-scheme: dark) {
          body {
            background-color: #121212;
          }
        }
    </style>
</head>

<body>
    <!-- Google Tag Manager (noscript) -->
    <noscript><iframe title="Google Tag Manager" src="https://www.googletagmanager.com/ns.html?id=GTM-5WLCZXC" height="0" width="0" style="display:none;visibility:hidden"></iframe></noscript>
    <!-- End Google Tag Manager (noscript) -->
    <div id="main"></div>
    <script src='/bundle.js' ></script>
</body>

</html>

2025-09-02 23:43:55.007 [error] Error while getting the latest version for the extension davidanson.vscode-markdownlint. Unexpected token '<', "<!DOCTYPE "... is not valid JSON:
<!DOCTYPE html>
<html lang="en">

<head>
    <title>Open VSX Registry</title>
    <meta charset="UTF-8">
    <meta name="viewport" content="width=device-width, initial-scale=1">
    <link rel="stylesheet" href="https://fonts.googleapis.com/css?family=Roboto:300,400,500,700&display=swap" />

    <!-- Google Tag Manager -->
    <script>(function(w,d,s,l,i){w[l]=w[l]||[];w[l].push({'gtm.start':
    new Date().getTime(),event:'gtm.js'});var f=d.getElementsByTagName(s)[0],
    j=d.createElement(s),dl=l!='dataLayer'?'&l='+l:'';j.async=true;j.src=
    'https://www.googletagmanager.com/gtm.js?id='+i+dl;f.parentNode.insertBefore(j,f);
    })(window,document,'script','dataLayer','GTM-5WLCZXC');</script>

    <!-- Eclipse Cookie Consent -->
    <link rel="stylesheet" type="text/css"
        href="//www.eclipse.org/eclipse.org-common/themes/solstice/public/stylesheets/vendor/cookieconsent/cookieconsent.min.css" />
    <script
        src="//www.eclipse.org/eclipse.org-common/themes/solstice/public/javascript/vendor/cookieconsent/default.min.js">
    </script>
    <style>
        a.cc-btn.cc-allow {
            background-color: #c160ef;
        }
        a.cc-btn.cc-allow:hover, a.cc-btn.cc-allow:focus {
            background-color: #444;
        }
        .cc-revoke {
            display: none !important;
        }
        @media (prefers-color-scheme: dark) {
          body {
            background-color: #121212;
          }
        }
    </style>
</head>

<body>
    <!-- Google Tag Manager (noscript) -->
    <noscript><iframe title="Google Tag Manager" src="https://www.googletagmanager.com/ns.html?id=GTM-5WLCZXC" height="0" width="0" style="display:none;visibility:hidden"></iframe></noscript>
    <!-- End Google Tag Manager (noscript) -->
    <div id="main"></div>
    <script src='/bundle.js' ></script>
</body>

</html>

2025-09-02 23:43:55.117 [error] Error while getting the latest version for the extension christian-kohler.path-intellisense. Unexpected token '<', "<!DOCTYPE "... is not valid JSON:
<!DOCTYPE html>
<html lang="en">

<head>
    <title>Open VSX Registry</title>
    <meta charset="UTF-8">
    <meta name="viewport" content="width=device-width, initial-scale=1">
    <link rel="stylesheet" href="https://fonts.googleapis.com/css?family=Roboto:300,400,500,700&display=swap" />

    <!-- Google Tag Manager -->
    <script>(function(w,d,s,l,i){w[l]=w[l]||[];w[l].push({'gtm.start':
    new Date().getTime(),event:'gtm.js'});var f=d.getElementsByTagName(s)[0],
    j=d.createElement(s),dl=l!='dataLayer'?'&l='+l:'';j.async=true;j.src=
    'https://www.googletagmanager.com/gtm.js?id='+i+dl;f.parentNode.insertBefore(j,f);
    })(window,document,'script','dataLayer','GTM-5WLCZXC');</script>

    <!-- Eclipse Cookie Consent -->
    <link rel="stylesheet" type="text/css"
        href="//www.eclipse.org/eclipse.org-common/themes/solstice/public/stylesheets/vendor/cookieconsent/cookieconsent.min.css" />
    <script
        src="//www.eclipse.org/eclipse.org-common/themes/solstice/public/javascript/vendor/cookieconsent/default.min.js">
    </script>
    <style>
        a.cc-btn.cc-allow {
            background-color: #c160ef;
        }
        a.cc-btn.cc-allow:hover, a.cc-btn.cc-allow:focus {
            background-color: #444;
        }
        .cc-revoke {
            display: none !important;
        }
        @media (prefers-color-scheme: dark) {
          body {
            background-color: #121212;
          }
        }
    </style>
</head>

<body>
    <!-- Google Tag Manager (noscript) -->
    <noscript><iframe title="Google Tag Manager" src="https://www.googletagmanager.com/ns.html?id=GTM-5WLCZXC" height="0" width="0" style="display:none;visibility:hidden"></iframe></noscript>
    <!-- End Google Tag Manager (noscript) -->
    <div id="main"></div>
    <script src='/bundle.js' ></script>
</body>

</html>

2025-09-02 23:43:55.214 [error] Error while getting the latest version for the extension aaron-bond.better-comments. Unexpected token '<', "<!DOCTYPE "... is not valid JSON:
<!DOCTYPE html>
<html lang="en">

<head>
    <title>Open VSX Registry</title>
    <meta charset="UTF-8">
    <meta name="viewport" content="width=device-width, initial-scale=1">
    <link rel="stylesheet" href="https://fonts.googleapis.com/css?family=Roboto:300,400,500,700&display=swap" />

    <!-- Google Tag Manager -->
    <script>(function(w,d,s,l,i){w[l]=w[l]||[];w[l].push({'gtm.start':
    new Date().getTime(),event:'gtm.js'});var f=d.getElementsByTagName(s)[0],
    j=d.createElement(s),dl=l!='dataLayer'?'&l='+l:'';j.async=true;j.src=
    'https://www.googletagmanager.com/gtm.js?id='+i+dl;f.parentNode.insertBefore(j,f);
    })(window,document,'script','dataLayer','GTM-5WLCZXC');</script>

    <!-- Eclipse Cookie Consent -->
    <link rel="stylesheet" type="text/css"
        href="//www.eclipse.org/eclipse.org-common/themes/solstice/public/stylesheets/vendor/cookieconsent/cookieconsent.min.css" />
    <script
        src="//www.eclipse.org/eclipse.org-common/themes/solstice/public/javascript/vendor/cookieconsent/default.min.js">
    </script>
    <style>
        a.cc-btn.cc-allow {
            background-color: #c160ef;
        }
        a.cc-btn.cc-allow:hover, a.cc-btn.cc-allow:focus {
            background-color: #444;
        }
        .cc-revoke {
            display: none !important;
        }
        @media (prefers-color-scheme: dark) {
          body {
            background-color: #121212;
          }
        }
    </style>
</head>

<body>
    <!-- Google Tag Manager (noscript) -->
    <noscript><iframe title="Google Tag Manager" src="https://www.googletagmanager.com/ns.html?id=GTM-5WLCZXC" height="0" width="0" style="display:none;visibility:hidden"></iframe></noscript>
    <!-- End Google Tag Manager (noscript) -->
    <div id="main"></div>
    <script src='/bundle.js' ></script>
</body>

</html>

2025-09-02 23:43:55.325 [error] Error while getting the latest version for the extension bierner.emojisense. Unexpected token '<', "<!DOCTYPE "... is not valid JSON:
<!DOCTYPE html>
<html lang="en">

<head>
    <title>Open VSX Registry</title>
    <meta charset="UTF-8">
    <meta name="viewport" content="width=device-width, initial-scale=1">
    <link rel="stylesheet" href="https://fonts.googleapis.com/css?family=Roboto:300,400,500,700&display=swap" />

    <!-- Google Tag Manager -->
    <script>(function(w,d,s,l,i){w[l]=w[l]||[];w[l].push({'gtm.start':
    new Date().getTime(),event:'gtm.js'});var f=d.getElementsByTagName(s)[0],
    j=d.createElement(s),dl=l!='dataLayer'?'&l='+l:'';j.async=true;j.src=
    'https://www.googletagmanager.com/gtm.js?id='+i+dl;f.parentNode.insertBefore(j,f);
    })(window,document,'script','dataLayer','GTM-5WLCZXC');</script>

    <!-- Eclipse Cookie Consent -->
    <link rel="stylesheet" type="text/css"
        href="//www.eclipse.org/eclipse.org-common/themes/solstice/public/stylesheets/vendor/cookieconsent/cookieconsent.min.css" />
    <script
        src="//www.eclipse.org/eclipse.org-common/themes/solstice/public/javascript/vendor/cookieconsent/default.min.js">
    </script>
    <style>
        a.cc-btn.cc-allow {
            background-color: #c160ef;
        }
        a.cc-btn.cc-allow:hover, a.cc-btn.cc-allow:focus {
            background-color: #444;
        }
        .cc-revoke {
            display: none !important;
        }
        @media (prefers-color-scheme: dark) {
          body {
            background-color: #121212;
          }
        }
    </style>
</head>

<body>
    <!-- Google Tag Manager (noscript) -->
    <noscript><iframe title="Google Tag Manager" src="https://www.googletagmanager.com/ns.html?id=GTM-5WLCZXC" height="0" width="0" style="display:none;visibility:hidden"></iframe></noscript>
    <!-- End Google Tag Manager (noscript) -->
    <div id="main"></div>
    <script src='/bundle.js' ></script>
</body>

</html>

2025-09-02 23:43:55.423 [error] Error while getting the latest version for the extension gydunhn.vsc-essentials-core. Unexpected token '<', "<!DOCTYPE "... is not valid JSON:
<!DOCTYPE html>
<html lang="en">

<head>
    <title>Open VSX Registry</title>
    <meta charset="UTF-8">
    <meta name="viewport" content="width=device-width, initial-scale=1">
    <link rel="stylesheet" href="https://fonts.googleapis.com/css?family=Roboto:300,400,500,700&display=swap" />

    <!-- Google Tag Manager -->
    <script>(function(w,d,s,l,i){w[l]=w[l]||[];w[l].push({'gtm.start':
    new Date().getTime(),event:'gtm.js'});var f=d.getElementsByTagName(s)[0],
    j=d.createElement(s),dl=l!='dataLayer'?'&l='+l:'';j.async=true;j.src=
    'https://www.googletagmanager.com/gtm.js?id='+i+dl;f.parentNode.insertBefore(j,f);
    })(window,document,'script','dataLayer','GTM-5WLCZXC');</script>

    <!-- Eclipse Cookie Consent -->
    <link rel="stylesheet" type="text/css"
        href="//www.eclipse.org/eclipse.org-common/themes/solstice/public/stylesheets/vendor/cookieconsent/cookieconsent.min.css" />
    <script
        src="//www.eclipse.org/eclipse.org-common/themes/solstice/public/javascript/vendor/cookieconsent/default.min.js">
    </script>
    <style>
        a.cc-btn.cc-allow {
            background-color: #c160ef;
        }
        a.cc-btn.cc-allow:hover, a.cc-btn.cc-allow:focus {
            background-color: #444;
        }
        .cc-revoke {
            display: none !important;
        }
        @media (prefers-color-scheme: dark) {
          body {
            background-color: #121212;
          }
        }
    </style>
</head>

<body>
    <!-- Google Tag Manager (noscript) -->
    <noscript><iframe title="Google Tag Manager" src="https://www.googletagmanager.com/ns.html?id=GTM-5WLCZXC" height="0" width="0" style="display:none;visibility:hidden"></iframe></noscript>
    <!-- End Google Tag Manager (noscript) -->
    <div id="main"></div>
    <script src='/bundle.js' ></script>
</body>

</html>

2025-09-02 23:43:55.527 [error] Error while getting the latest version for the extension alefragnani.bookmarks. Unexpected token '<', "<!DOCTYPE "... is not valid JSON:
<!DOCTYPE html>
<html lang="en">

<head>
    <title>Open VSX Registry</title>
    <meta charset="UTF-8">
    <meta name="viewport" content="width=device-width, initial-scale=1">
    <link rel="stylesheet" href="https://fonts.googleapis.com/css?family=Roboto:300,400,500,700&display=swap" />

    <!-- Google Tag Manager -->
    <script>(function(w,d,s,l,i){w[l]=w[l]||[];w[l].push({'gtm.start':
    new Date().getTime(),event:'gtm.js'});var f=d.getElementsByTagName(s)[0],
    j=d.createElement(s),dl=l!='dataLayer'?'&l='+l:'';j.async=true;j.src=
    'https://www.googletagmanager.com/gtm.js?id='+i+dl;f.parentNode.insertBefore(j,f);
    })(window,document,'script','dataLayer','GTM-5WLCZXC');</script>

    <!-- Eclipse Cookie Consent -->
    <link rel="stylesheet" type="text/css"
        href="//www.eclipse.org/eclipse.org-common/themes/solstice/public/stylesheets/vendor/cookieconsent/cookieconsent.min.css" />
    <script
        src="//www.eclipse.org/eclipse.org-common/themes/solstice/public/javascript/vendor/cookieconsent/default.min.js">
    </script>
    <style>
        a.cc-btn.cc-allow {
            background-color: #c160ef;
        }
        a.cc-btn.cc-allow:hover, a.cc-btn.cc-allow:focus {
            background-color: #444;
        }
        .cc-revoke {
            display: none !important;
        }
        @media (prefers-color-scheme: dark) {
          body {
            background-color: #121212;
          }
        }
    </style>
</head>

<body>
    <!-- Google Tag Manager (noscript) -->
    <noscript><iframe title="Google Tag Manager" src="https://www.googletagmanager.com/ns.html?id=GTM-5WLCZXC" height="0" width="0" style="display:none;visibility:hidden"></iframe></noscript>
    <!-- End Google Tag Manager (noscript) -->
    <div id="main"></div>
    <script src='/bundle.js' ></script>
</body>

</html>

2025-09-02 23:43:57.123 [error] Error while getting the latest version for the extension gydunhn.javascript-essentials. Unexpected token '<', "<!DOCTYPE "... is not valid JSON:
<!DOCTYPE html>
<html lang="en">

<head>
    <title>Open VSX Registry</title>
    <meta charset="UTF-8">
    <meta name="viewport" content="width=device-width, initial-scale=1">
    <link rel="stylesheet" href="https://fonts.googleapis.com/css?family=Roboto:300,400,500,700&display=swap" />

    <!-- Google Tag Manager -->
    <script>(function(w,d,s,l,i){w[l]=w[l]||[];w[l].push({'gtm.start':
    new Date().getTime(),event:'gtm.js'});var f=d.getElementsByTagName(s)[0],
    j=d.createElement(s),dl=l!='dataLayer'?'&l='+l:'';j.async=true;j.src=
    'https://www.googletagmanager.com/gtm.js?id='+i+dl;f.parentNode.insertBefore(j,f);
    })(window,document,'script','dataLayer','GTM-5WLCZXC');</script>

    <!-- Eclipse Cookie Consent -->
    <link rel="stylesheet" type="text/css"
        href="//www.eclipse.org/eclipse.org-common/themes/solstice/public/stylesheets/vendor/cookieconsent/cookieconsent.min.css" />
    <script
        src="//www.eclipse.org/eclipse.org-common/themes/solstice/public/javascript/vendor/cookieconsent/default.min.js">
    </script>
    <style>
        a.cc-btn.cc-allow {
            background-color: #c160ef;
        }
        a.cc-btn.cc-allow:hover, a.cc-btn.cc-allow:focus {
            background-color: #444;
        }
        .cc-revoke {
            display: none !important;
        }
        @media (prefers-color-scheme: dark) {
          body {
            background-color: #121212;
          }
        }
    </style>
</head>

<body>
    <!-- Google Tag Manager (noscript) -->
    <noscript><iframe title="Google Tag Manager" src="https://www.googletagmanager.com/ns.html?id=GTM-5WLCZXC" height="0" width="0" style="display:none;visibility:hidden"></iframe></noscript>
    <!-- End Google Tag Manager (noscript) -->
    <div id="main"></div>
    <script src='/bundle.js' ></script>
</body>

</html>

2025-09-02 23:43:57.224 [error] Error while getting the latest version for the extension usernamehw.errorlens. Unexpected token '<', "<!DOCTYPE "... is not valid JSON:
<!DOCTYPE html>
<html lang="en">

<head>
    <title>Open VSX Registry</title>
    <meta charset="UTF-8">
    <meta name="viewport" content="width=device-width, initial-scale=1">
    <link rel="stylesheet" href="https://fonts.googleapis.com/css?family=Roboto:300,400,500,700&display=swap" />

    <!-- Google Tag Manager -->
    <script>(function(w,d,s,l,i){w[l]=w[l]||[];w[l].push({'gtm.start':
    new Date().getTime(),event:'gtm.js'});var f=d.getElementsByTagName(s)[0],
    j=d.createElement(s),dl=l!='dataLayer'?'&l='+l:'';j.async=true;j.src=
    'https://www.googletagmanager.com/gtm.js?id='+i+dl;f.parentNode.insertBefore(j,f);
    })(window,document,'script','dataLayer','GTM-5WLCZXC');</script>

    <!-- Eclipse Cookie Consent -->
    <link rel="stylesheet" type="text/css"
        href="//www.eclipse.org/eclipse.org-common/themes/solstice/public/stylesheets/vendor/cookieconsent/cookieconsent.min.css" />
    <script
        src="//www.eclipse.org/eclipse.org-common/themes/solstice/public/javascript/vendor/cookieconsent/default.min.js">
    </script>
    <style>
        a.cc-btn.cc-allow {
            background-color: #c160ef;
        }
        a.cc-btn.cc-allow:hover, a.cc-btn.cc-allow:focus {
            background-color: #444;
        }
        .cc-revoke {
            display: none !important;
        }
        @media (prefers-color-scheme: dark) {
          body {
            background-color: #121212;
          }
        }
    </style>
</head>

<body>
    <!-- Google Tag Manager (noscript) -->
    <noscript><iframe title="Google Tag Manager" src="https://www.googletagmanager.com/ns.html?id=GTM-5WLCZXC" height="0" width="0" style="display:none;visibility:hidden"></iframe></noscript>
    <!-- End Google Tag Manager (noscript) -->
    <div id="main"></div>
    <script src='/bundle.js' ></script>
</body>

</html>

