2025-09-02 19:40:58.351 [info] Extension host with pid 1514750 started
2025-09-02 19:40:58.351 [info] Skipping acquiring lock for /home/k/.config/Code - OSS/User/workspaceStorage/9e2c7974bfec5d3c00f7b6b9781b53f4.
2025-09-02 19:40:58.394 [info] ExtensionService#_doActivateExtension vscode.git-base, startup: true, activationEvent: '*', root cause: vscode.git
2025-09-02 19:40:58.397 [info] ExtensionService#_doActivateExtension christian-kohler.path-intellisense, startup: true, activationEvent: '*'
2025-09-02 19:40:58.402 [info] ExtensionService#_doActivateExtension oderwat.indent-rainbow, startup: true, activationEvent: '*'
2025-09-02 19:40:58.403 [info] ExtensionService#_doActivateExtension tombonnike.vscode-status-bar-format-toggle, startup: true, activationEvent: '*'
2025-09-02 19:40:58.404 [info] ExtensionService#_doActivateExtension yzhang.markdown-all-in-one, startup: true, activationEvent: 'workspaceContains:README.md'
2025-09-02 19:40:58.482 [info] ExtensionService#_doActivateExtension vscode.markdown-math, startup: false, activationEvent: 'api', root cause: yzhang.markdown-all-in-one
2025-09-02 19:40:58.490 [info] ExtensionService#_doActivateExtension vscode.git, startup: true, activationEvent: '*'
2025-09-02 19:40:58.519 [info] ExtensionService#_doActivateExtension vscode.github, startup: true, activationEvent: '*'
2025-09-02 19:40:58.591 [info] ExtensionService#_doActivateExtension vscode.emmet, startup: false, activationEvent: 'onLanguage'
2025-09-02 19:40:58.613 [info] Eager extensions activated
2025-09-02 19:40:58.624 [info] ExtensionService#_doActivateExtension vscode.debug-auto-launch, startup: false, activationEvent: 'onStartupFinished'
2025-09-02 19:40:58.625 [info] ExtensionService#_doActivateExtension vscode.merge-conflict, startup: false, activationEvent: 'onStartupFinished'
2025-09-02 19:40:58.636 [info] ExtensionService#_doActivateExtension aaron-bond.better-comments, startup: false, activationEvent: 'onStartupFinished'
2025-09-02 19:40:58.638 [info] ExtensionService#_doActivateExtension alefragnani.Bookmarks, startup: false, activationEvent: 'onStartupFinished'
2025-09-02 19:40:58.645 [info] ExtensionService#_doActivateExtension bierner.emojisense, startup: false, activationEvent: 'onStartupFinished'
2025-09-02 19:40:58.652 [info] ExtensionService#_doActivateExtension dbaeumer.vscode-eslint, startup: false, activationEvent: 'onStartupFinished'
2025-09-02 19:40:58.677 [info] ExtensionService#_doActivateExtension esbenp.prettier-vscode, startup: false, activationEvent: 'onStartupFinished'
2025-09-02 19:40:58.724 [info] ExtensionService#_doActivateExtension Gruntfuggly.todo-tree, startup: false, activationEvent: 'onStartupFinished'
2025-09-02 19:40:58.743 [info] ExtensionService#_doActivateExtension usernamehw.errorlens, startup: false, activationEvent: 'onStartupFinished'
2025-09-02 19:40:58.854 [info] ExtensionService#_doActivateExtension vscode.github-authentication, startup: false, activationEvent: 'onAuthenticationRequest:github'
2025-09-02 19:41:14.587 [info] ExtensionService#_doActivateExtension vscode.extension-editing, startup: false, activationEvent: 'onLanguage:markdown'
2025-09-02 19:41:14.601 [info] ExtensionService#_doActivateExtension vscode.markdown-language-features, startup: false, activationEvent: 'onLanguage:markdown'
2025-09-02 19:41:14.666 [info] ExtensionService#_doActivateExtension DavidAnson.vscode-markdownlint, startup: false, activationEvent: 'onLanguage:markdown'
2025-09-02 19:41:14.704 [warning] DiagnosticCollection with name 'eslint' does already exist.
2025-09-02 19:41:16.372 [info] ExtensionService#_doActivateExtension vscode.html-language-features, startup: false, activationEvent: 'onLanguage:html'
2025-09-02 19:41:44.384 [error] [vscode.emmet] provider FAILED
2025-09-02 19:41:44.384 [error] TypeError: Cannot read properties of undefined (reading 'find')
	at t.DefaultCompletionItemProvider.provideCompletionItemsInternal (/usr/lib/code/extensions/emmet/dist/node/emmetNodeMain.js:1:197351)
	at t.DefaultCompletionItemProvider.provideCompletionItems (/usr/lib/code/extensions/emmet/dist/node/emmetNodeMain.js:1:195714)
	at j3.provideCompletionItems (file:///usr/lib/code/out/vs/workbench/api/node/extensionHostProcess.js:140:142834)
	at file:///usr/lib/code/out/vs/workbench/api/node/extensionHostProcess.js:140:164918
	at Xt.s (file:///usr/lib/code/out/vs/workbench/api/node/extensionHostProcess.js:140:156205)
	at Xt.$provideCompletionItems (file:///usr/lib/code/out/vs/workbench/api/node/extensionHostProcess.js:140:164906)
	at C4.S (file:///usr/lib/code/out/vs/workbench/api/node/extensionHostProcess.js:29:119615)
	at C4.Q (file:///usr/lib/code/out/vs/workbench/api/node/extensionHostProcess.js:29:119395)
	at C4.M (file:///usr/lib/code/out/vs/workbench/api/node/extensionHostProcess.js:29:118446)
	at C4.L (file:///usr/lib/code/out/vs/workbench/api/node/extensionHostProcess.js:29:117589)
	at Jh.value (file:///usr/lib/code/out/vs/workbench/api/node/extensionHostProcess.js:29:116386)
	at $.C (file:///usr/lib/code/out/vs/workbench/api/node/extensionHostProcess.js:27:2373)
	at $.fire (file:///usr/lib/code/out/vs/workbench/api/node/extensionHostProcess.js:27:2591)
	at fo.fire (file:///usr/lib/code/out/vs/workbench/api/node/extensionHostProcess.js:29:9458)
	at Jh.value (file:///usr/lib/code/out/vs/workbench/api/node/extensionHostProcess.js:388:8361)
	at $.C (file:///usr/lib/code/out/vs/workbench/api/node/extensionHostProcess.js:27:2373)
	at $.fire (file:///usr/lib/code/out/vs/workbench/api/node/extensionHostProcess.js:27:2591)
	at fo.fire (file:///usr/lib/code/out/vs/workbench/api/node/extensionHostProcess.js:29:9458)
	at MessagePortMain.<anonymous> (file:///usr/lib/code/out/vs/workbench/api/node/extensionHostProcess.js:388:6653)
	at MessagePortMain.emit (node:events:518:28)
	at MessagePortMain._internalPort.emit (node:electron/js2c/utility_init:2:2949)
2025-09-02 19:41:44.547 [error] [vscode.emmet] provider FAILED
2025-09-02 19:41:44.547 [error] TypeError: Cannot read properties of undefined (reading 'find')
	at t.DefaultCompletionItemProvider.provideCompletionItemsInternal (/usr/lib/code/extensions/emmet/dist/node/emmetNodeMain.js:1:197351)
	at t.DefaultCompletionItemProvider.provideCompletionItems (/usr/lib/code/extensions/emmet/dist/node/emmetNodeMain.js:1:195714)
	at j3.provideCompletionItems (file:///usr/lib/code/out/vs/workbench/api/node/extensionHostProcess.js:140:142834)
	at file:///usr/lib/code/out/vs/workbench/api/node/extensionHostProcess.js:140:164918
	at Xt.s (file:///usr/lib/code/out/vs/workbench/api/node/extensionHostProcess.js:140:156205)
	at Xt.$provideCompletionItems (file:///usr/lib/code/out/vs/workbench/api/node/extensionHostProcess.js:140:164906)
	at C4.S (file:///usr/lib/code/out/vs/workbench/api/node/extensionHostProcess.js:29:119615)
	at C4.Q (file:///usr/lib/code/out/vs/workbench/api/node/extensionHostProcess.js:29:119395)
	at C4.M (file:///usr/lib/code/out/vs/workbench/api/node/extensionHostProcess.js:29:118446)
	at C4.L (file:///usr/lib/code/out/vs/workbench/api/node/extensionHostProcess.js:29:117589)
	at Jh.value (file:///usr/lib/code/out/vs/workbench/api/node/extensionHostProcess.js:29:116386)
	at $.C (file:///usr/lib/code/out/vs/workbench/api/node/extensionHostProcess.js:27:2373)
	at $.fire (file:///usr/lib/code/out/vs/workbench/api/node/extensionHostProcess.js:27:2591)
	at fo.fire (file:///usr/lib/code/out/vs/workbench/api/node/extensionHostProcess.js:29:9458)
	at Jh.value (file:///usr/lib/code/out/vs/workbench/api/node/extensionHostProcess.js:388:8361)
	at $.C (file:///usr/lib/code/out/vs/workbench/api/node/extensionHostProcess.js:27:2373)
	at $.fire (file:///usr/lib/code/out/vs/workbench/api/node/extensionHostProcess.js:27:2591)
	at fo.fire (file:///usr/lib/code/out/vs/workbench/api/node/extensionHostProcess.js:29:9458)
	at MessagePortMain.<anonymous> (file:///usr/lib/code/out/vs/workbench/api/node/extensionHostProcess.js:388:6653)
	at MessagePortMain.emit (node:events:518:28)
	at MessagePortMain._internalPort.emit (node:electron/js2c/utility_init:2:2949)
2025-09-02 19:47:00.644 [error] [vscode.emmet] provider FAILED
2025-09-02 19:47:00.644 [error] TypeError: Cannot read properties of undefined (reading 'find')
	at t.DefaultCompletionItemProvider.provideCompletionItemsInternal (/usr/lib/code/extensions/emmet/dist/node/emmetNodeMain.js:1:197351)
	at t.DefaultCompletionItemProvider.provideCompletionItems (/usr/lib/code/extensions/emmet/dist/node/emmetNodeMain.js:1:195714)
	at j3.provideCompletionItems (file:///usr/lib/code/out/vs/workbench/api/node/extensionHostProcess.js:140:142834)
	at file:///usr/lib/code/out/vs/workbench/api/node/extensionHostProcess.js:140:164918
	at Xt.s (file:///usr/lib/code/out/vs/workbench/api/node/extensionHostProcess.js:140:156205)
	at Xt.$provideCompletionItems (file:///usr/lib/code/out/vs/workbench/api/node/extensionHostProcess.js:140:164906)
	at C4.S (file:///usr/lib/code/out/vs/workbench/api/node/extensionHostProcess.js:29:119615)
	at C4.Q (file:///usr/lib/code/out/vs/workbench/api/node/extensionHostProcess.js:29:119395)
	at C4.M (file:///usr/lib/code/out/vs/workbench/api/node/extensionHostProcess.js:29:118446)
	at C4.L (file:///usr/lib/code/out/vs/workbench/api/node/extensionHostProcess.js:29:117589)
	at Jh.value (file:///usr/lib/code/out/vs/workbench/api/node/extensionHostProcess.js:29:116386)
	at $.C (file:///usr/lib/code/out/vs/workbench/api/node/extensionHostProcess.js:27:2373)
	at $.fire (file:///usr/lib/code/out/vs/workbench/api/node/extensionHostProcess.js:27:2591)
	at fo.fire (file:///usr/lib/code/out/vs/workbench/api/node/extensionHostProcess.js:29:9458)
	at Jh.value (file:///usr/lib/code/out/vs/workbench/api/node/extensionHostProcess.js:388:8361)
	at $.C (file:///usr/lib/code/out/vs/workbench/api/node/extensionHostProcess.js:27:2373)
	at $.fire (file:///usr/lib/code/out/vs/workbench/api/node/extensionHostProcess.js:27:2591)
	at fo.fire (file:///usr/lib/code/out/vs/workbench/api/node/extensionHostProcess.js:29:9458)
	at MessagePortMain.<anonymous> (file:///usr/lib/code/out/vs/workbench/api/node/extensionHostProcess.js:388:6653)
	at MessagePortMain.emit (node:events:518:28)
	at MessagePortMain._internalPort.emit (node:electron/js2c/utility_init:2:2949)
2025-09-02 20:18:46.521 [error] [vscode.emmet] provider FAILED
2025-09-02 20:18:46.521 [error] TypeError: Cannot read properties of undefined (reading 'find')
	at t.DefaultCompletionItemProvider.provideCompletionItemsInternal (/usr/lib/code/extensions/emmet/dist/node/emmetNodeMain.js:1:197351)
	at t.DefaultCompletionItemProvider.provideCompletionItems (/usr/lib/code/extensions/emmet/dist/node/emmetNodeMain.js:1:195714)
	at j3.provideCompletionItems (file:///usr/lib/code/out/vs/workbench/api/node/extensionHostProcess.js:140:142834)
	at file:///usr/lib/code/out/vs/workbench/api/node/extensionHostProcess.js:140:164918
	at Xt.s (file:///usr/lib/code/out/vs/workbench/api/node/extensionHostProcess.js:140:156205)
	at Xt.$provideCompletionItems (file:///usr/lib/code/out/vs/workbench/api/node/extensionHostProcess.js:140:164906)
	at C4.S (file:///usr/lib/code/out/vs/workbench/api/node/extensionHostProcess.js:29:119615)
	at C4.Q (file:///usr/lib/code/out/vs/workbench/api/node/extensionHostProcess.js:29:119395)
	at C4.M (file:///usr/lib/code/out/vs/workbench/api/node/extensionHostProcess.js:29:118446)
	at C4.L (file:///usr/lib/code/out/vs/workbench/api/node/extensionHostProcess.js:29:117589)
	at Jh.value (file:///usr/lib/code/out/vs/workbench/api/node/extensionHostProcess.js:29:116386)
	at $.C (file:///usr/lib/code/out/vs/workbench/api/node/extensionHostProcess.js:27:2373)
	at $.fire (file:///usr/lib/code/out/vs/workbench/api/node/extensionHostProcess.js:27:2591)
	at fo.fire (file:///usr/lib/code/out/vs/workbench/api/node/extensionHostProcess.js:29:9458)
	at Jh.value (file:///usr/lib/code/out/vs/workbench/api/node/extensionHostProcess.js:388:8361)
	at $.C (file:///usr/lib/code/out/vs/workbench/api/node/extensionHostProcess.js:27:2373)
	at $.fire (file:///usr/lib/code/out/vs/workbench/api/node/extensionHostProcess.js:27:2591)
	at fo.fire (file:///usr/lib/code/out/vs/workbench/api/node/extensionHostProcess.js:29:9458)
	at MessagePortMain.<anonymous> (file:///usr/lib/code/out/vs/workbench/api/node/extensionHostProcess.js:388:6653)
	at MessagePortMain.emit (node:events:518:28)
	at MessagePortMain._internalPort.emit (node:electron/js2c/utility_init:2:2949)
2025-09-02 20:18:46.685 [error] [vscode.emmet] provider FAILED
2025-09-02 20:18:46.685 [error] TypeError: Cannot read properties of undefined (reading 'find')
	at t.DefaultCompletionItemProvider.provideCompletionItemsInternal (/usr/lib/code/extensions/emmet/dist/node/emmetNodeMain.js:1:197351)
	at t.DefaultCompletionItemProvider.provideCompletionItems (/usr/lib/code/extensions/emmet/dist/node/emmetNodeMain.js:1:195714)
	at j3.provideCompletionItems (file:///usr/lib/code/out/vs/workbench/api/node/extensionHostProcess.js:140:142834)
	at file:///usr/lib/code/out/vs/workbench/api/node/extensionHostProcess.js:140:164918
	at Xt.s (file:///usr/lib/code/out/vs/workbench/api/node/extensionHostProcess.js:140:156205)
	at Xt.$provideCompletionItems (file:///usr/lib/code/out/vs/workbench/api/node/extensionHostProcess.js:140:164906)
	at C4.S (file:///usr/lib/code/out/vs/workbench/api/node/extensionHostProcess.js:29:119615)
	at C4.Q (file:///usr/lib/code/out/vs/workbench/api/node/extensionHostProcess.js:29:119395)
	at C4.M (file:///usr/lib/code/out/vs/workbench/api/node/extensionHostProcess.js:29:118446)
	at C4.L (file:///usr/lib/code/out/vs/workbench/api/node/extensionHostProcess.js:29:117589)
	at Jh.value (file:///usr/lib/code/out/vs/workbench/api/node/extensionHostProcess.js:29:116386)
	at $.C (file:///usr/lib/code/out/vs/workbench/api/node/extensionHostProcess.js:27:2373)
	at $.fire (file:///usr/lib/code/out/vs/workbench/api/node/extensionHostProcess.js:27:2591)
	at fo.fire (file:///usr/lib/code/out/vs/workbench/api/node/extensionHostProcess.js:29:9458)
	at Jh.value (file:///usr/lib/code/out/vs/workbench/api/node/extensionHostProcess.js:388:8361)
	at $.C (file:///usr/lib/code/out/vs/workbench/api/node/extensionHostProcess.js:27:2373)
	at $.fire (file:///usr/lib/code/out/vs/workbench/api/node/extensionHostProcess.js:27:2591)
	at fo.fire (file:///usr/lib/code/out/vs/workbench/api/node/extensionHostProcess.js:29:9458)
	at MessagePortMain.<anonymous> (file:///usr/lib/code/out/vs/workbench/api/node/extensionHostProcess.js:388:6653)
	at MessagePortMain.emit (node:events:518:28)
	at MessagePortMain._internalPort.emit (node:electron/js2c/utility_init:2:2949)
2025-09-02 20:18:46.968 [error] [vscode.emmet] provider FAILED
2025-09-02 20:18:46.968 [error] TypeError: Cannot read properties of undefined (reading 'find')
	at t.DefaultCompletionItemProvider.provideCompletionItemsInternal (/usr/lib/code/extensions/emmet/dist/node/emmetNodeMain.js:1:197351)
	at t.DefaultCompletionItemProvider.provideCompletionItems (/usr/lib/code/extensions/emmet/dist/node/emmetNodeMain.js:1:195714)
	at j3.provideCompletionItems (file:///usr/lib/code/out/vs/workbench/api/node/extensionHostProcess.js:140:142834)
	at file:///usr/lib/code/out/vs/workbench/api/node/extensionHostProcess.js:140:164918
	at Xt.s (file:///usr/lib/code/out/vs/workbench/api/node/extensionHostProcess.js:140:156205)
	at Xt.$provideCompletionItems (file:///usr/lib/code/out/vs/workbench/api/node/extensionHostProcess.js:140:164906)
	at C4.S (file:///usr/lib/code/out/vs/workbench/api/node/extensionHostProcess.js:29:119615)
	at C4.Q (file:///usr/lib/code/out/vs/workbench/api/node/extensionHostProcess.js:29:119395)
	at C4.M (file:///usr/lib/code/out/vs/workbench/api/node/extensionHostProcess.js:29:118446)
	at C4.L (file:///usr/lib/code/out/vs/workbench/api/node/extensionHostProcess.js:29:117589)
	at Jh.value (file:///usr/lib/code/out/vs/workbench/api/node/extensionHostProcess.js:29:116386)
	at $.C (file:///usr/lib/code/out/vs/workbench/api/node/extensionHostProcess.js:27:2373)
	at $.fire (file:///usr/lib/code/out/vs/workbench/api/node/extensionHostProcess.js:27:2591)
	at fo.fire (file:///usr/lib/code/out/vs/workbench/api/node/extensionHostProcess.js:29:9458)
	at Jh.value (file:///usr/lib/code/out/vs/workbench/api/node/extensionHostProcess.js:388:8361)
	at $.C (file:///usr/lib/code/out/vs/workbench/api/node/extensionHostProcess.js:27:2373)
	at $.fire (file:///usr/lib/code/out/vs/workbench/api/node/extensionHostProcess.js:27:2591)
	at fo.fire (file:///usr/lib/code/out/vs/workbench/api/node/extensionHostProcess.js:29:9458)
	at MessagePortMain.<anonymous> (file:///usr/lib/code/out/vs/workbench/api/node/extensionHostProcess.js:388:6653)
	at MessagePortMain.emit (node:events:518:28)
	at MessagePortMain._internalPort.emit (node:electron/js2c/utility_init:2:2949)
